Casal2
Call: C:/Users/arnau/Documents/CASAL2_NIWAFisheries/CASAL2/BuildSystem/Casal2/casal2 -e -o estimate.log 
Date: Thu Sep 21 14:45:50 2023
Seed: 64348
Version: v23.09 (2023-09-16)
Copyright (c) 2017-2023, NIWA (www.niwa.co.nz)
Environment: User=arnau Machine=ARNAUD OS=Windows_NT PID=3096


*initialisation_partition[Equilibrium_state]
values {dataframe_with_row_labels}
category 1 2 3 4 5 6 7 8 9 10 11 12 13 14 15 16 17 18 19 20 21 22 23 24 25 26 27 28 29 30
HAK4 0.000000 2281167.282796 1867661.807340 1529112.158019 1251931.148675 1024994.532157 839194.545213 687074.381982 562528.926180 460559.731360 377074.415694 308722.420327 252760.539687 206942.827006 169430.456599 138717.925325 113572.631467 92985.406090 76130.011553 62329.981691 51031.472849 41781.036196 34207.419230 28006.666107 22929.918833 18773.429714 15370.384248 12584.206270 10303.076676 46535.448619
*end

*estimate_value[summary]
values {dataframe}
process[Recruitment].b0 selectivity[chatTANSel].highedge selectivity[chatTANSel].lowedge selectivity[eastFSel].mu selectivity[eastFSel].sigma_l selectivity[eastFSel].sigma_r selectivity[westFSel].mu selectivity[westFSel].sigma_l selectivity[westFSel].sigma_r process[Recruitment].recruitment_multipliers{1976} process[Recruitment].recruitment_multipliers{1977} process[Recruitment].recruitment_multipliers{1978} process[Recruitment].recruitment_multipliers{1979} process[Recruitment].recruitment_multipliers{1980} process[Recruitment].recruitment_multipliers{1981} process[Recruitment].recruitment_multipliers{1982} process[Recruitment].recruitment_multipliers{1983} process[Recruitment].recruitment_multipliers{1984} process[Recruitment].recruitment_multipliers{1985} process[Recruitment].recruitment_multipliers{1986} process[Recruitment].recruitment_multipliers{1987} process[Recruitment].recruitment_multipliers{1988} process[Recruitment].recruitment_multipliers{1989} process[Recruitment].recruitment_multipliers{1990} process[Recruitment].recruitment_multipliers{1991} process[Recruitment].recruitment_multipliers{1992} process[Recruitment].recruitment_multipliers{1993} process[Recruitment].recruitment_multipliers{1994} process[Recruitment].recruitment_multipliers{1995} process[Recruitment].recruitment_multipliers{1996} process[Recruitment].recruitment_multipliers{1997} process[Recruitment].recruitment_multipliers{1998} process[Recruitment].recruitment_multipliers{1999} process[Recruitment].recruitment_multipliers{2000} process[Recruitment].recruitment_multipliers{2001} process[Recruitment].recruitment_multipliers{2002} process[Recruitment].recruitment_multipliers{2003} process[Recruitment].recruitment_multipliers{2004} process[Recruitment].recruitment_multipliers{2005} process[Recruitment].recruitment_multipliers{2006} process[Recruitment].recruitment_multipliers{2007} process[Recruitment].recruitment_multipliers{2008} process[Recruitment].recruitment_multipliers{2009} process[Recruitment].recruitment_multipliers{2010} process[Recruitment].recruitment_multipliers{2011} process[Recruitment].recruitment_multipliers{2012} 
28026.4 18 1 12.4029 4.04508 138.192 7.14014 3.39972 16.8322 0.988242 0.988557 0.998042 1.01392 1.03288 1.04862 1.05347 1.05047 1.04631 0.71668 0.624382 0.77061 0.568215 0.798647 0.691178 1.05738 1.55559 1.15831 0.99683 0.900317 0.738479 0.47774 0.45574 0.324581 0.502451 0.31336 0.482698 1.361 0.760539 0.650616 0.262869 0.464534 0.37094 0.312052 0.320099 0.498207 0.505574 
*end

*objective_function[objective]
values {vector}
observation->chatTANbiomass->1992 -1.35689
observation->chatTANbiomass->1993 -1.0843
observation->chatTANbiomass->1994 -1.49792
observation->chatTANbiomass->1995 -1.09798
observation->chatTANbiomass->1996 -1.39418
observation->chatTANbiomass->1997 -1.24454
observation->chatTANbiomass->1998 -1.13577
observation->chatTANbiomass->1999 -1.41473
observation->chatTANbiomass->2000 -1.47746
observation->chatTANbiomass->2001 -1.34285
observation->chatTANbiomass->2002 -1.33905
observation->chatTANbiomass->2003 1.7523
observation->chatTANbiomass->2004 -1.32496
observation->chatTANbiomass->2005 -1.2576
observation->chatTANbiomass->2006 -1.24511
observation->chatTANbiomass->2007 -0.515896
observation->chatTANbiomass->2008 -1.3931
observation->chatTANbiomass->2009 1.0971
observation->chatTANbiomass->2010 -0.948136
observation->chatTANbiomass->2011 -0.823904
observation->chatTANbiomass->2012 -1.32059
observation->chatTANage->1990 19.5533
observation->chatTANage->1992 22.8722
observation->chatTANage->1993 21.4673
observation->chatTANage->1994 20.6965
observation->chatTANage->1995 17.5241
observation->chatTANage->1996 14.589
observation->chatTANage->1997 16.0785
observation->chatTANage->1998 13.9877
observation->chatTANage->1999 15.2608
observation->chatTANage->2000 20.6151
observation->chatTANage->2001 16.1338
observation->chatTANage->2002 16.53
observation->chatTANage->2003 10.5996
observation->chatTANage->2004 14.9911
observation->chatTANage->2005 13.4877
observation->chatTANage->2006 13.4275
observation->chatTANage->2007 13.7096
observation->chatTANage->2008 12.9892
observation->chatTANage->2009 15.657
observation->chatTANage->2010 12.1362
observation->chatTANage->2011 12.282
observation->chatTANage->2012 11.8083
observation->chatOBSwst->1992 17.1549
observation->chatOBSwst->1994 9.26702
observation->chatOBSwst->1995 9.95552
observation->chatOBSwst->1996 8.29792
observation->chatOBSwst->1997 7.02523
observation->chatOBSwst->1998 21.8258
observation->chatOBSwst->1999 16.4758
observation->chatOBSwst->2000 17.6887
observation->chatOBSwst->2001 16.7274
observation->chatOBSwst->2002 14.0012
observation->chatOBSwst->2003 11.7109
observation->chatOBSwst->2004 14.0052
observation->chatOBSwst->2005 17.0239
observation->chatOBSwst->2006 7.53987
observation->chatOBSwst->2008 10.6853
observation->chatOBSwst->2009 8.90948
observation->chatOBSwst->2010 9.38184
observation->chatOBSwst->2011 9.18568
observation->chatOBSest->1992 15.8203
observation->chatOBSest->1995 16.8123
observation->chatOBSest->1997 15.313
observation->chatOBSest->1998 17.333
observation->chatOBSest->2001 21.8091
observation->chatOBSest->2004 20.6169
observation->chatOBSest->2007 21.9516
penalty->CatchMustBeTaken1 0
prior->B0->process[Recruitment].b0 10.2409
prior->TANSel_decreasing->selectivity[chatTANSel].highedge 0
prior->TANSel_decreasing->selectivity[chatTANSel].lowedge 0
prior->eastFSel_mu->selectivity[eastFSel].mu 0
prior->eastFSel_sl->selectivity[eastFSel].sigma_l 0
prior->eastFSel_sr->selectivity[eastFSel].sigma_r 0
prior->westFSel_mu->selectivity[westFSel].mu 0
prior->westFSel_sl->selectivity[westFSel].sigma_l 0
prior->westFSel_sr->selectivity[westFSel].sigma_r 0
prior->YCS->process[Recruitment].recruitment_multipliers{1976} 0.0814701
prior->YCS->process[Recruitment].recruitment_multipliers{1977} 0.0819448
prior->YCS->process[Recruitment].recruitment_multipliers{1978} 0.0961864
prior->YCS->process[Recruitment].recruitment_multipliers{1979} 0.119982
prior->YCS->process[Recruitment].recruitment_multipliers{1980} 0.148314
prior->YCS->process[Recruitment].recruitment_multipliers{1981} 0.171765
prior->YCS->process[Recruitment].recruitment_multipliers{1982} 0.178975
prior->YCS->process[Recruitment].recruitment_multipliers{1983} 0.174514
prior->YCS->process[Recruitment].recruitment_multipliers{1984} 0.16832
prior->YCS->process[Recruitment].recruitment_multipliers{1985} -0.330593
prior->YCS->process[Recruitment].recruitment_multipliers{1986} -0.467494
prior->YCS->process[Recruitment].recruitment_multipliers{1987} -0.248924
prior->YCS->process[Recruitment].recruitment_multipliers{1988} -0.547298
prior->YCS->process[Recruitment].recruitment_multipliers{1989} -0.206256
prior->YCS->process[Recruitment].recruitment_multipliers{1990} -0.368893
prior->YCS->process[Recruitment].recruitment_multipliers{1991} 0.184779
prior->YCS->process[Recruitment].recruitment_multipliers{1992} 0.885006
prior->YCS->process[Recruitment].recruitment_multipliers{1993} 0.333178
prior->YCS->process[Recruitment].recruitment_multipliers{1994} 0.0943684
prior->YCS->process[Recruitment].recruitment_multipliers{1995} -0.0514356
prior->YCS->process[Recruitment].recruitment_multipliers{1996} -0.29767
prior->YCS->process[Recruitment].recruitment_multipliers{1997} -0.664857
prior->YCS->process[Recruitment].recruitment_multipliers{1998} -0.690257
prior->YCS->process[Recruitment].recruitment_multipliers{1999} -0.790388
prior->YCS->process[Recruitment].recruitment_multipliers{2000} -0.634584
prior->YCS->process[Recruitment].recruitment_multipliers{2001} -0.792459
prior->YCS->process[Recruitment].recruitment_multipliers{2002} -0.65892
prior->YCS->process[Recruitment].recruitment_multipliers{2003} 0.621354
prior->YCS->process[Recruitment].recruitment_multipliers{2004} -0.264225
prior->YCS->process[Recruitment].recruitment_multipliers{2005} -0.429135
prior->YCS->process[Recruitment].recruitment_multipliers{2006} -0.779439
prior->YCS->process[Recruitment].recruitment_multipliers{2007} -0.680298
prior->YCS->process[Recruitment].recruitment_multipliers{2008} -0.76833
prior->YCS->process[Recruitment].recruitment_multipliers{2009} -0.792601
prior->YCS->process[Recruitment].recruitment_multipliers{2010} -0.791393
prior->YCS->process[Recruitment].recruitment_multipliers{2011} -0.639901
prior->YCS->process[Recruitment].recruitment_multipliers{2012} -0.630644
additional_prior->YCS_average_1 5.78511
additional_prior->smooth_YCS 0.109765
additional_prior->chatTANq -1.14986
total_score 688.349
*end

*hessian_matrix[Hessian]
hessian_matrix {matrix}
1.19641e-06 0.0488703 5.3065 0.000455685 -0.000784647 5.54651e-08 0.000474653 -0.000419785 2.94828e-05 -0.000532559 -0.000358236 -0.000465607 -0.00063506 -9.35512e-05 -0.000230042 0.000383543 0.000310439 0.000180036 0.000732574 0.000917543 0.00114235 0.00141474 0.00146519 0.00141592 0.00136757 0.00127179 0.00130254 0.000854368 0.000793508 0.000150199 2.55967e-05 -0.00064046 -0.000746448 -0.000963673 -0.00109949 -0.00165132 -0.00168754 -0.00177901 -0.00194466 -0.00174241 -0.00190277 -0.00160561 -0.00124321 -0.00130726 -3.20897e-05 2.37784e-05 
0.0488703 1.66783e+08 -2.96208e+07 198.699 -85.6658 -0.0113012 -19.5934 11.7115 1.79775 956.239 -1718.34 897.439 723.104 412.866 335.521 -309.494 -874.591 476.453 19.7647 16.2064 85.4429 -146.177 -66.6594 -85.4711 -154.75 -283.253 -190.587 54.3409 136.41 53.0298 -300.707 -809.581 -405.052 -441.804 -220.386 449.193 294.614 166.524 -36.2466 -36.239 -10.4459 -204.466 -37.036 20.8043 -16.8351 -28.4908 
5.3065 -2.96208e+07 3.61179e+10 -8346.45 13618.1 -0.498832 1533.83 -4282.16 -219.558 -48158.5 71485.4 -25827.3 -26147.1 -24384.5 -25505 22773.5 40867.3 -21121.6 -5275.15 -1186.08 10899.9 13650.3 8707.1 10789.4 9782.63 19663 2617.67 3383.4 -8471.31 -6149.87 3842.48 14866.5 30147.2 10891.9 2274.04 -13883.4 -11829.9 -18586.9 1847.54 -12415.5 -4827.69 -14711.2 -18254.2 -11519.9 1202.67 -4614.91 
0.000455685 198.699 -8346.45 10.1452 -17.2549 0.000204789 0.493615 -0.395149 0.012251 -1.39956 -1.01414 -1.25955 -0.512154 -0.306307 -1.67744 0.158449 -0.846598 -0.0623543 -0.455125 -0.288906 -0.232294 0.252541 0.567837 0.920142 1.06842 2.03437 1.94206 1.75662 1.17034 0.953268 0.517441 -0.13011 -0.520368 -0.941085 -1.35267 -1.42143 -1.57954 -1.3203 -0.517209 -0.197039 -0.57767 -0.510718 -0.379906 -0.6209 0.0110853 0.0542169 
-0.000784647 -85.6658 13618.1 -17.2549 31.9526 -0.000253928 -0.825843 0.66654 -0.0183508 1.99518 2.10085 2.25532 0.872425 0.174081 3.28508 -1.17889 1.42984 0.188313 0.740684 0.606709 0.723555 -0.214291 -0.800787 -1.15914 -1.16601 -3.0511 -3.30249 -3.09638 -2.65532 -2.26706 -1.70193 -0.273708 -0.155807 0.987717 2.33847 2.51513 3.18976 2.9396 1.148 0.173737 1.19493 0.950221 0.443147 1.08589 0.0213833 -0.0999114 
5.54651e-08 -0.0113012 -0.498832 0.000204789 -0.000253928 2.36131e-08 3.05381e-05 -2.59253e-05 1.59484e-06 -3.97476e-05 -6.90521e-05 -1.20894e-05 -2.11552e-05 -1.28032e-05 3.53414e-06 -4.07923e-05 -7.71797e-06 5.09759e-05 4.13509e-05 5.58214e-05 7.71706e-05 8.28021e-05 8.36876e-05 8.64388e-05 7.54336e-05 6.51771e-05 4.81453e-05 2.93336e-05 3.84223e-06 -1.32364e-05 -2.93107e-05 -4.39485e-05 -5.72932e-05 -5.96745e-05 -5.58546e-05 -6.25608e-05 -6.35773e-05 -6.26033e-05 -5.49453e-05 -6.01829e-05 -6.33948e-05 -6.39797e-05 -6.45648e-05 -5.91149e-05 6.82385e-07 8.71235e-07 
0.000474653 -19.5934 1533.83 0.493615 -0.825843 3.05381e-05 9.33908 -9.75582 0.132652 2.63853 -0.242687 -0.108513 -0.771453 -0.258395 -0.971026 1.4706 -1.47221 2.12009 0.831406 0.741873 0.694065 0.733553 0.355783 0.727661 1.02307 1.1174 1.99713 0.320479 0.435973 -1.41141 -1.55799 -2.62455 -2.26367 -0.898038 -0.871926 -0.764634 0.310402 -0.481785 -1.44192 -3.01196 -2.68036 -1.46549 -1.55928 -0.729472 -0.0133478 -0.00419047 
-0.000419785 11.7115 -4282.16 -0.395149 0.66654 -2.59253e-05 -9.75582 11.1833 -0.0943684 -2.9555 0.149798 0.195933 0.958119 0.378757 1.30337 -1.69764 1.64905 -1.9529 -0.708891 -0.69559 -0.767367 -0.835457 -0.21426 -0.333861 -0.86956 -0.795598 -2.18141 -0.597149 -0.899236 1.17505 1.03165 2.43816 2.36672 0.934152 0.953567 0.98808 -0.488323 0.0705395 1.0171 3.30588 2.86163 1.55738 1.81366 0.698936 0.0297073 -0.00440989 
2.94828e-05 1.79775 -219.558 0.012251 -0.0183508 1.59484e-06 0.132652 -0.0943684 0.0158423 0.0318345 -0.0237368 0.0329726 -0.00023475 0.0263167 0.0356092 -0.00062464 0.0110615 0.0367205 0.0315738 0.0310072 0.0276733 0.0293567 0.0351442 0.0116457 0.0142078 0.0138925 0.0136582 -0.00434647 0.00693603 -0.019206 0.00166109 -0.0246423 -0.0236386 -0.0294371 -0.00485658 -0.0416557 -0.0425522 -0.0407481 -0.0689789 -0.0307808 -0.0741555 -0.0712669 -0.0383035 -0.02704 -0.000610854 -0.00219103 
-0.000532559 956.239 -48158.5 -1.39956 1.99518 -3.97476e-05 2.63853 -2.9555 0.0318345 472.044 -210.074 7.52435 -15.2252 -6.24883 -12.79 21.4855 5.97855 -3.40685 3.4973 0.614297 1.05793 -2.31911 0.346304 -0.668051 -1.5848 -2.24112 -0.445189 -0.444491 0.235717 0.53908 -0.709006 -3.21979 -4.19718 -2.27738 -4.30789 1.09032 0.281336 1.69473 -1.50067 1.838 1.71279 3.85004 2.80011 1.59657 0.339114 0.853739 
-0.000358236 -1718.34 71485.4 -1.01414 2.10085 -6.90521e-05 -0.242687 0.149798 -0.0237368 -210.074 380.829 -211.985 38.1399 -0.657521 -1.67319 -22.7853 0.173702 13.0183 -1.27918 -0.377013 -1.16313 0.510191 -0.152086 0.255482 0.682119 1.87842 1.03659 -0.534031 -2.01828 -3.38641 -1.77206 -1.07722 1.14258 -1.20584 2.32066 0.0835418 -2.0872 -1.66902 1.91471 1.76779 -0.530996 -1.29782 -1.9043 -0.237706 -0.0155329 -0.665618 
-0.000465607 897.439 -25827.3 -1.25955 2.25532 -1.20894e-05 -0.108513 0.195933 0.0329726 7.52435 -211.985 449.828 -250.152 15.0088 -1.94479 12.8602 8.60615 -11.3321 0.914176 -0.0265189 -0.432656 -1.71167 -0.739994 -1.15631 -0.542903 -2.34195 -1.43493 -2.86767 -2.34095 -1.77048 -0.810089 -0.312275 -3.06975 -0.794836 -4.07707 -0.36296 0.483045 1.99018 0.135581 0.680655 1.2988 1.93977 1.8202 1.92996 -0.0605432 0.28909 
-0.00063506 723.104 -26147.1 -0.512154 0.872425 -2.11552e-05 -0.771453 0.958119 -0.00023475 -15.2252 38.1399 -250.152 448.477 -224.493 27.1164 -6.50044 -14.7986 19.2842 -0.0104808 0.767982 -0.298229 -0.476806 -1.59998 -1.84911 -2.03032 -2.801 -2.81507 -2.80852 -2.2695 -1.03342 -1.87924 -1.39589 -0.850352 0.618092 -1.0987 -0.573071 2.18201 0.679495 0.283239 -1.08161 0.564477 0.553722 1.02251 0.3986 0.240657 0.399051 
-9.35512e-05 412.866 -24384.5 -0.306307 0.174081 -1.28032e-05 -0.258395 0.378757 0.0263167 -6.24883 -0.657521 15.0088 -224.493 420.52 -193.529 7.68611 2.52653 -8.53563 -0.429462 1.45002 -0.2532 0.208998 -0.0948134 -1.10898 0.230616 0.0790836 -0.174536 -1.87343 -2.08956 -1.98061 -3.40601 -4.74226 -0.541728 -1.59522 0.533203 -0.212093 1.17646 -0.0867661 0.0198263 1.65116 -0.524816 -0.340164 0.307013 -0.036432 0.19527 0.452329 
-0.000230042 335.521 -25505 -1.67744 3.28508 3.53414e-06 -0.971026 1.30337 0.0356092 -12.79 -1.67319 -1.94479 27.1164 -193.529 351.861 -171.518 18.4386 -11.2 0.770339 -1.92995 -0.0813146 0.331978 -1.5114 -2.38084 -2.96602 -3.13698 -3.47091 -3.77819 -1.49831 -3.73234 0.916015 3.99193 -2.59966 -0.780987 0.604954 -3.55376 -1.98846 0.462504 0.755311 2.45712 1.31088 0.425777 2.3881 3.08006 -0.112562 0.0602067 
0.000383543 -309.494 22773.5 0.158449 -1.17889 -4.07923e-05 1.4706 -1.69764 -0.00062464 21.4855 -22.7853 12.8602 -6.50044 7.68611 -171.518 365.44 -205.072 28.5466 0.351624 3.44004 1.33524 1.39053 0.732048 0.981443 0.909889 1.36206 0.870215 -1.81247 -2.76204 -3.26433 -5.4269 -8.22201 -1.36787 -3.93804 0.136949 -1.25731 -0.128039 -2.14835 -0.673047 -0.349151 -1.82178 -1.5811 -1.88359 -1.8105 0.429664 0.271186 
0.000310439 -874.591 40867.3 -0.846598 1.42984 -7.71797e-06 -1.47221 1.64905 0.0110615 5.97855 0.173702 8.60615 -14.7986 2.52653 18.4386 -205.072 389.936 -199.429 2.25038 -2.58469 -1.31472 -1.15173 -1.87902 -3.15249 -3.38567 -1.95192 -2.78294 -1.17501 -2.18815 -3.489 0.431423 1.81622 0.275763 1.36717 0.300792 -1.31012 -4.08352 -1.3828 0.895508 1.86231 -0.777982 -0.236102 0.651105 -0.0485802 -0.558815 -0.885282 
0.000180036 476.453 -21121.6 -0.0623543 0.188313 5.09759e-05 2.12009 -1.9529 0.0367205 -3.40685 13.0183 -11.3321 19.2842 -8.53563 -11.2 28.5466 -199.429 212.993 6.7882 4.53456 0.852238 -1.02479 -0.281875 -0.689152 0.316424 -0.938917 -0.112156 -1.86939 -1.71876 -1.01739 -4.50824 -5.43139 -3.79823 -2.527 -4.75724 -0.417472 1.57903 -0.237102 -1.44035 -1.68921 -0.66021 0.0314166 -0.246784 -0.201176 0.764244 1.12127 
0.000732574 19.7647 -5275.15 -0.455125 0.740684 4.13509e-05 0.831406 -0.708891 0.0315738 3.4973 -1.27918 0.914176 -0.0104808 -0.429462 0.770339 0.351624 2.25038 6.7882 13.8866 8.38624 3.31696 -0.0875152 0.100337 -0.624584 -0.201565 -1.57883 -0.628522 -2.45765 -2.42619 -3.2566 -3.98924 -3.27997 -3.19558 -2.62049 -2.92221 -2.65086 -2.25671 -1.65435 -1.1976 -1.53138 -1.00607 -0.827657 -0.80073 -0.681722 -0.0348552 0.0460652 
0.000917543 16.2064 -1186.08 -0.288906 0.606709 5.58214e-05 0.741873 -0.69559 0.0310072 0.614297 -0.377013 -0.0265189 0.767982 1.45002 -1.92995 3.44004 -2.58469 4.53456 8.38624 19.4496 9.95258 2.94514 0.0932694 -0.00766713 -0.548514 -2.0875 -0.756533 -2.3796 -2.39088 -3.12408 -4.4905 -2.40747 -3.3408 -2.5057 -3.3251 -3.32104 -2.66096 -1.91412 -1.60752 -2.50049 -0.960802 -1.25217 -1.21165 -0.784083 0.0600712 0.0737276 
0.00114235 85.4429 10899.9 -0.232294 0.723555 7.71706e-05 0.694065 -0.767367 0.0276733 1.05793 -1.16313 -0.432656 -0.298229 -0.2532 -0.0813146 1.33524 -1.31472 0.852238 3.31696 9.95258 22.5438 11.7294 2.41854 0.829072 -0.285518 -1.19406 -0.858791 -1.97387 -2.75644 -2.96023 -4.54633 -3.17258 -3.22489 -2.99426 -3.08998 -2.74281 -2.37678 -1.85075 -2.33019 -1.61562 -1.34418 -1.82928 -1.28552 -0.950462 0.293041 0.302251 
0.00141474 -146.177 13650.3 0.252541 -0.214291 8.28021e-05 0.733553 -0.835457 0.0293567 -2.31911 0.510191 -1.71167 -0.476806 0.208998 0.331978 1.39053 -1.15173 -1.02479 -0.0875152 2.94514 11.7294 30.7593 11.8457 1.79314 1.02788 -0.728707 -1.14014 -2.34078 -2.84954 -3.79869 -3.26705 -3.7491 -4.95424 -3.3493 -2.95255 -3.6869 -2.42894 -2.56396 -3.19258 -0.78311 -1.93017 -2.07791 -1.18342 -1.33087 0.0398985 0.1759 
0.00146519 -66.6594 8707.1 0.567837 -0.800787 8.36876e-05 0.355783 -0.21426 0.0351442 0.346304 -0.152086 -0.739994 -1.59998 -0.0948134 -1.5114 0.732048 -1.87902 -0.281875 0.100337 0.0932694 2.41854 11.8457 26.5886 12.1929 3.02701 -0.21973 -2.25702 -2.90457 -2.38976 -4.06212 -2.49573 -4.33165 -3.78299 -3.89178 -2.32114 -2.71671 -3.06356 -2.70709 -3.10937 -1.48688 -2.33866 -1.8362 -1.18411 -1.47785 0.0681321 0.0444514 
0.00141592 -85.4711 10789.4 0.920142 -1.15914 8.64388e-05 0.727661 -0.333861 0.0116457 -0.668051 0.255482 -1.15631 -1.84911 -1.10898 -2.38084 0.981443 -3.15249 -0.689152 -0.624584 -0.00766713 0.829072 1.79314 12.1929 30.5614 10.7231 1.48805 -0.995795 -2.75485 -3.37701 -3.53958 -4.08767 -4.82633 -5.79106 -3.07438 -3.30236 -4.1817 -2.67314 -2.43288 -2.20106 -4.37429 -2.08567 -1.37744 -1.82957 -1.7167 0.251561 0.260471 
0.00136757 -154.75 9782.63 1.06842 -1.16601 7.54336e-05 1.02307 -0.86956 0.0142078 -1.5848 0.682119 -0.542903 -2.03032 0.230616 -2.96602 0.909889 -3.38567 0.316424 -0.201565 -0.548514 -0.285518 1.02788 3.02701 10.7231 20.0142 6.85454 -0.480173 -2.74211 -4.32826 -3.38382 -3.82436 -3.72651 -4.64136 -3.34654 -2.23197 -3.94967 -2.79013 -2.46858 -1.96618 -2.36142 -2.02126 -0.97267 -1.08216 -1.85169 0.0467671 -0.0471154 
0.00127179 -283.253 19663 2.03437 -3.0511 6.51771e-05 1.1174 -0.795598 0.0138925 -2.24112 1.87842 -2.34195 -2.801 0.0790836 -3.13698 1.36206 -1.95192 -0.938917 -1.57883 -2.0875 -1.19406 -0.728707 -0.21973 1.48805 6.85454 17.7348 6.2501 -0.971033 -3.75322 -4.15987 -3.44977 -3.13343 -3.09784 -3.73494 -2.98305 -2.88824 -3.05174 -3.05303 -2.14651 -1.81787 -1.52015 -1.63027 -1.07874 -1.7747 0.129808 0.201451 
0.00130254 -190.587 2617.67 1.94206 -3.30249 4.81453e-05 1.99713 -2.18141 0.0136582 -0.445189 1.03659 -1.43493 -2.81507 -0.174536 -3.47091 0.870215 -2.78294 -0.112156 -0.628522 -0.756533 -0.858791 -1.14014 -2.25702 -0.995795 -0.480173 6.2501 22.6492 8.25481 -0.199904 -4.43792 -3.66795 -4.44138 -5.27489 -3.41411 -3.80686 -3.9363 -2.59553 -1.94645 -2.72792 -2.90057 -1.55419 -1.45475 -1.75797 -1.84989 0.141199 0.0428601 
0.000854368 54.3409 3383.4 1.75662 -3.09638 2.93336e-05 0.320479 -0.597149 -0.00434647 -0.444491 -0.534031 -2.86767 -2.80852 -1.87343 -3.77819 -1.81247 -1.17501 -1.86939 -2.45765 -2.3796 -1.97387 -2.34078 -2.90457 -2.75485 -2.74211 -0.971033 8.25481 30.5576 10.7778 -0.878461 -3.67629 -3.85716 -2.92317 -2.02056 -0.664431 -2.53463 -2.28236 -2.3322 -1.68132 -3.08444 -1.65647 -1.03689 -0.462486 -1.13192 0.0807375 0.252059 
0.000793508 136.41 -8471.31 1.17034 -2.65532 3.84223e-06 0.435973 -0.899236 0.00693603 0.235717 -2.01828 -2.34095 -2.2695 -2.08956 -1.49831 -2.76204 -2.18815 -1.71876 -2.42619 -2.39088 -2.75644 -2.84954 -2.38976 -3.37701 -4.32826 -3.75322 -0.199904 10.7778 40.1511 13.2599 -0.0372583 -3.11858 -3.87742 -2.72509 -1.11371 -2.05459 -1.53498 -2.28343 -2.70492 -1.3519 -2.0673 -1.2804 -0.798916 -0.815825 0.148195 0.150134 
0.000150199 53.0298 -6149.87 0.953268 -2.26706 -1.32364e-05 -1.41141 1.17505 -0.019206 0.53908 -3.38641 -1.77048 -1.03342 -1.98061 -3.73234 -3.26433 -3.489 -1.01739 -3.2566 -3.12408 -2.96023 -3.79869 -4.06212 -3.53958 -3.38382 -4.15987 -4.43792 -0.878461 13.2599 54.7285 19.744 1.25023 -2.12906 -1.30538 -2.10118 -2.13582 -1.81553 -1.3424 -1.07832 -1.53814 -0.453971 -0.822407 -0.382211 -0.110912 0.175165 0.26001 
2.55967e-05 -300.707 3842.48 0.517441 -1.70193 -2.93107e-05 -1.55799 1.03165 0.00166109 -0.709006 -1.77206 -0.810089 -1.87924 -3.40601 0.916015 -5.4269 0.431423 -4.50824 -3.98924 -4.4905 -4.54633 -3.26705 -2.49573 -4.08767 -3.82436 -3.44977 -3.66795 -3.67629 -0.0372583 19.744 76.9754 22.3006 3.98428 -1.51434 -0.520575 -1.39007 -1.46828 -0.201711 -1.03891 0.384905 -1.20496 -1.53933 -0.18348 0.0596178 0.198677 0.165696 
-0.00064046 -809.581 14866.5 -0.13011 -0.273708 -4.39485e-05 -2.62455 2.43816 -0.0246423 -3.21979 -1.07722 -0.312275 -1.39589 -4.74226 3.99193 -8.22201 1.81622 -5.43139 -3.27997 -2.40747 -3.17258 -3.7491 -4.33165 -4.82633 -3.72651 -3.13343 -4.44138 -3.85716 -3.11858 1.25023 22.3006 85.8903 29.7472 4.85153 -0.84834 -0.530385 -1.15896 -1.51138 -0.0886821 -0.880054 0.863258 0.566488 -0.162914 0.85887 0.257267 0.109207 
-0.000746448 -405.052 30147.2 -0.520368 -0.155807 -5.72932e-05 -2.26367 2.36672 -0.0236386 -4.19718 1.14258 -3.06975 -0.850352 -0.541728 -2.59966 -1.36787 0.275763 -3.79823 -3.19558 -3.3408 -3.22489 -4.95424 -3.78299 -5.79106 -4.64136 -3.09784 -5.27489 -2.92317 -3.87742 -2.12906 3.98428 29.7472 97.1138 26.6996 3.08078 -1.65682 -0.501017 0.0472776 -0.927176 1.53143 0.61965 -0.199572 0.495072 0.495654 0.283985 0.179177 
-0.000963673 -441.804 10891.9 -0.941085 0.987717 -5.96745e-05 -0.898038 0.934152 -0.0294371 -2.27738 -1.20584 -0.794836 0.618092 -1.59522 -0.780987 -3.93804 1.36717 -2.527 -2.62049 -2.5057 -2.99426 -3.3493 -3.89178 -3.07438 -3.34654 -3.73494 -3.41411 -2.02056 -2.72509 -1.30538 -1.51434 4.85153 26.6996 66.222 20.7288 3.07467 -0.833777 -0.765675 -0.397719 -2.83117 0.205824 -0.0983392 -0.507469 1.21208 0.298987 0.0969313 
-0.00109949 -220.386 2274.04 -1.35267 2.33847 -5.58546e-05 -0.871926 0.953567 -0.00485658 -4.30789 2.32066 -4.07707 -1.0987 0.533203 0.604954 0.136949 0.300792 -4.75724 -2.92221 -3.3251 -3.08998 -2.95255 -2.32114 -3.30236 -2.23197 -2.98305 -3.80686 -0.664431 -1.11371 -2.10118 -0.520575 -0.84834 3.08078 20.7288 77.374 19.8205 0.127608 -0.0319787 -1.02783 -1.45398 0.240236 0.842975 0.236619 1.20292 0.338946 0.0884511 
-0.00165132 449.193 -13883.4 -1.42143 2.51513 -6.25608e-05 -0.764634 0.98808 -0.0416557 1.09032 0.0835418 -0.36296 -0.573071 -0.212093 -3.55376 -1.25731 -1.31012 -0.417472 -2.65086 -3.32104 -2.74281 -3.6869 -2.71671 -4.1817 -3.94967 -2.88824 -3.9363 -2.53463 -2.05459 -2.13582 -1.39007 -0.530385 -1.65682 3.07467 19.8205 49.8211 7.32456 0.00669309 -0.571188 -0.489306 1.16837 1.16708 1.42308 1.1703 0.184025 0.117749 
-0.00168754 294.614 -11829.9 -1.57954 3.18976 -6.35773e-05 0.310402 -0.488323 -0.0425522 0.281336 -2.0872 0.483045 2.18201 1.17646 -1.98846 -0.128039 -4.08352 1.57903 -2.25671 -2.66096 -2.37678 -2.42894 -3.06356 -2.67314 -2.79013 -3.05174 -2.59553 -2.28236 -1.53498 -1.81553 -1.46828 -1.15896 -0.501017 -0.833777 0.127608 7.32456 19.259 5.16767 -0.685761 -1.63806 0.422151 0.111602 0.717749 1.66273 0.203146 0.147318 
-0.00177901 166.524 -18586.9 -1.3203 2.9396 -6.26033e-05 -0.481785 0.0705395 -0.0407481 1.69473 -1.66902 1.99018 0.679495 -0.0867661 0.462504 -2.14835 -1.3828 -0.237102 -1.65435 -1.91412 -1.85075 -2.56396 -2.70709 -2.43288 -2.46858 -3.05303 -1.94645 -2.3322 -2.28343 -1.3424 -0.201711 -1.51138 0.0472776 -0.765675 -0.0319787 0.00669309 5.16767 25.1727 6.27957 -1.09131 -0.498635 0.283482 1.16676 1.88626 0.261367 0.11028 
-0.00194466 -36.2466 1847.54 -0.517209 1.148 -5.49453e-05 -1.44192 1.0171 -0.0689789 -1.50067 1.91471 0.135581 0.283239 0.0198263 0.755311 -0.673047 0.895508 -1.44035 -1.1976 -1.60752 -2.33019 -3.19258 -3.10937 -2.20106 -1.96618 -2.14651 -2.72792 -1.68132 -2.70492 -1.07832 -1.03891 -0.0886821 -0.927176 -0.397719 -1.02783 -0.571188 -0.685761 6.27957 32.1603 10.4072 1.36167 -0.00997073 0.113492 1.69515 0.192356 0.138074 
-0.00174241 -36.239 -12415.5 -0.197039 0.173737 -6.01829e-05 -3.01196 3.30588 -0.0307808 1.838 1.76779 0.680655 -1.08161 1.65116 2.45712 -0.349151 1.86231 -1.68921 -1.53138 -2.50049 -1.61562 -0.78311 -1.48688 -4.37429 -2.36142 -1.81787 -2.90057 -3.08444 -1.3519 -1.53814 0.384905 -0.880054 1.53143 -2.83117 -1.45398 -0.489306 -1.63806 -1.09131 10.4072 74.4685 4.69736 -1.11023 2.58096 1.43648 0.310889 0.0187178 
-0.00190277 -10.4459 -4827.69 -0.57767 1.19493 -6.33948e-05 -2.68036 2.86163 -0.0741555 1.71279 -0.530996 1.2988 0.564477 -0.524816 1.31088 -1.82178 -0.777982 -0.66021 -1.00607 -0.960802 -1.34418 -1.93017 -2.33866 -2.08567 -2.02126 -1.52015 -1.55419 -1.65647 -2.0673 -0.453971 -1.20496 0.863258 0.61965 0.205824 0.240236 1.16837 0.422151 -0.498635 1.36167 4.69736 36.7896 4.41601 0.160061 2.25158 0.177205 0.135732 
-0.00160561 -204.466 -14711.2 -0.510718 0.950221 -6.39797e-05 -1.46549 1.55738 -0.0712669 3.85004 -1.29782 1.93977 0.553722 -0.340164 0.425777 -1.5811 -0.236102 0.0314166 -0.827657 -1.25217 -1.82928 -2.07791 -1.8362 -1.37744 -0.97267 -1.63027 -1.45475 -1.03689 -1.2804 -0.822407 -1.53933 0.566488 -0.199572 -0.0983392 0.842975 1.16708 0.111602 0.283482 -0.00997073 -1.11023 4.41601 33.137 2.84013 1.50511 0.0869778 -0.0686926 
-0.00124321 -37.036 -18254.2 -0.379906 0.443147 -6.45648e-05 -1.55928 1.81366 -0.0383035 2.80011 -1.9043 1.8202 1.02251 0.307013 2.3881 -1.88359 0.651105 -0.246784 -0.80073 -1.21165 -1.28552 -1.18342 -1.18411 -1.82957 -1.08216 -1.07874 -1.75797 -0.462486 -0.798916 -0.382211 -0.18348 -0.162914 0.495072 -0.507469 0.236619 1.42308 0.717749 1.16676 0.113492 2.58096 0.160061 2.84013 29.8594 1.80375 0.368543 0.0290746 
-0.00130726 20.8043 -11519.9 -0.6209 1.08589 -5.91149e-05 -0.729472 0.698936 -0.02704 1.59657 -0.237706 1.92996 0.3986 -0.036432 3.08006 -1.8105 -0.0485802 -0.201176 -0.681722 -0.784083 -0.950462 -1.33087 -1.47785 -1.7167 -1.85169 -1.7747 -1.84989 -1.13192 -0.815825 -0.110912 0.0596178 0.85887 0.495654 1.21208 1.20292 1.1703 1.66273 1.88626 1.69515 1.43648 2.25158 1.50511 1.80375 15.8678 0.154847 0.0993864 
-3.20897e-05 -16.8351 1202.67 0.0110853 0.0213833 6.82385e-07 -0.0133478 0.0297073 -0.000610854 0.339114 -0.0155329 -0.0605432 0.240657 0.19527 -0.112562 0.429664 -0.558815 0.764244 -0.0348552 0.0600712 0.293041 0.0398985 0.0681321 0.251561 0.0467671 0.129808 0.141199 0.0807375 0.148195 0.175165 0.198677 0.257267 0.283985 0.298987 0.338946 0.184025 0.203146 0.261367 0.192356 0.310889 0.177205 0.0869778 0.368543 0.154847 3.04089 0.170903 
2.37784e-05 -28.4908 -4614.91 0.0542169 -0.0999114 8.71235e-07 -0.00419047 -0.00440989 -0.00219103 0.853739 -0.665618 0.28909 0.399051 0.452329 0.0602067 0.271186 -0.885282 1.12127 0.0460652 0.0737276 0.302251 0.1759 0.0444514 0.260471 -0.0471154 0.201451 0.0428601 0.252059 0.150134 0.26001 0.165696 0.109207 0.179177 0.0969313 0.0884511 0.117749 0.147318 0.11028 0.138074 0.0187178 0.135732 -0.0686926 0.0290746 0.0993864 0.170903 2.76477 
*end

*catchability[__chatTANq__]
q: 0.224068
*end

*derived_quantity[SSB]
SSB {list}
type: biomass
initialisation_phase[1]: 28026.4 
values {vector}
1975 27946.6
1976 27663.4
1977 26917.1
1978 26475.6
1979 26467.7
1980 26357.7
1981 26373.8
1982 26630.3
1983 27275.7
1984 28111.3
1985 28873.1
1986 29622.4
1987 30325.1
1988 30766.1
1989 30752.9
1990 30153.9
1991 29194.6
1992 27741.3
1993 25582
1994 23096.7
1995 20948.8
1996 19531.4
1997 18902.8
1998 18935.3
1999 18125.4
2000 16507.2
2001 15125.6
2002 14026.2
2003 13347.5
2004 12040.5
2005 9791
2006 8763.07
2007 9447.85
2008 10254.5
2009 10794.8
2010 11242.5
2011 11670.1
2012 11469.5
{end_list}
*end

*observation[chatTANbiomass]
observation_type: biomass
likelihood: lognormal
error_value_multiplier: 1
likelihood_multiplier: 1
categories: HAK4
Values {dataframe}
year category age length observed expected residual error_value process_error adjusted_error neglogLike pearsons_residuals normalised_residuals
1992 HAK4 0 0 4180 4003.06 176.943 0.15 0.2 0.25 -1.35689 0.176808 0.298778
1993 HAK4 0 0 2950 3686.97 -736.968 0.17 0.2 0.262488 -1.0843 -0.7615 -0.734846
1994 HAK4 0 0 3353 3319.33 33.6745 0.1 0.2 0.223607 -1.49792 0.0453698 0.15614
1995 HAK4 0 0 3303 2997.76 305.239 0.23 0.2 0.304795 -1.09798 0.334068 0.474357
1996 HAK4 0 0 2457 2726.9 -269.905 0.13 0.2 0.238537 -1.39418 -0.414939 -0.325431
1997 HAK4 0 0 2811 2575.17 235.827 0.17 0.2 0.262488 -1.24454 0.348881 0.468521
1998 HAK4 0 0 2873 2522.82 350.181 0.18 0.2 0.269072 -1.13577 0.515867 0.623825
1999 HAK4 0 0 2302 2191.17 110.825 0.12 0.2 0.233238 -1.41473 0.216851 0.329456
2000 HAK4 0 0 2091 1996.75 94.2483 0.09 0.2 0.219317 -1.47746 0.215217 0.32116
2001 HAK4 0 0 1589 1818.85 -229.85 0.13 0.2 0.238537 -1.34285 -0.529775 -0.456671
2002 HAK4 0 0 1567 1762.11 -195.109 0.15 0.2 0.25 -1.33905 -0.442898 -0.353488
2003 HAK4 0 0 888 1722.36 -834.358 0.16 0.2 0.256125 1.7523 -1.89137 -2.50214
2004 HAK4 0 0 1547 1502.46 44.5357 0.17 0.2 0.262488 -1.32496 0.112926 0.242229
2005 HAK4 0 0 1048 1200.43 -152.43 0.18 0.2 0.269072 -1.2576 -0.471915 -0.381439
2006 HAK4 0 0 1384 1305.92 78.0769 0.19 0.2 0.275862 -1.24511 0.216727 0.349824
2007 HAK4 0 0 1824 1363.09 460.913 0.12 0.2 0.233238 -0.515896 1.44976 1.38065
2008 HAK4 0 0 1257 1396.16 -139.164 0.13 0.2 0.238537 -1.3931 -0.417863 -0.328723
2009 HAK4 0 0 2419 1359.31 1059.69 0.21 0.2 0.29 1.0971 2.68819 2.17039
2010 HAK4 0 0 1700 1454.1 245.902 0.25 0.2 0.320156 -0.948136 0.528209 0.656359
2011 HAK4 0 0 1099 1476.03 -377.031 0.15 0.2 0.25 -0.823904 -1.02174 -1.07482
2012 HAK4 0 0 1292 1470.45 -178.447 0.15 0.2 0.25 -1.32059 -0.485423 -0.402334
*end

*observation[chatTANage]
observation_type: proportions_at_age
likelihood: multinomial
error_value_multiplier: 1
likelihood_multiplier: 1
categories: HAK4
Values {dataframe}
year category age length observed expected residual error_value process_error adjusted_error neglogLike pearsons_residuals
1990 HAK4 3 0 0.1235 0.0442929 0.0792071 25 0 25 11.5263 1.92488
1990 HAK4 4 0 0.1068 0.0680696 0.0387304 25 0 25 8.56809 0.768871
1990 HAK4 5 0 0.0935 0.0624192 0.0310808 25 0 25 7.5101 0.64239
1990 HAK4 6 0 0.0939 0.0744449 0.0194551 25 0 25 7.13474 0.370582
1990 HAK4 7 0 0.1065 0.0934154 0.0130846 25 0 25 7.69651 0.22481
1990 HAK4 8 0 0.0845 0.0925149 -0.00801487 25 0 25 5.82799 -0.138306
1990 HAK4 9 0 0.0544 0.08503 -0.03063 25 0 25 3.54322 -0.54907
1990 HAK4 10 0 0.1283 0.076201 0.052099 25 0 25 10.3157 0.981815
1990 HAK4 11 0 0.0489 0.0669237 -0.0180237 25 0 25 3.41523 -0.360633
1990 HAK4 12 0 0.043 0.0580529 -0.0150529 25 0 25 3.09338 -0.321859
1990 HAK4 13 0 0.0162 0.0499748 -0.0337748 25 0 25 1.09357 -0.775032
1990 HAK4 14 0 0.0401 0.0424033 -0.00230326 25 0 25 3.16949 -0.0571508
1990 HAK4 15 0 0.0162 0.0348899 -0.0186899 25 0 25 1.23909 -0.509259
1990 HAK4 16 0 0.0274 0.0278464 -0.00044644 25 0 25 2.35417 -0.0135669
1990 HAK4 17 0 0.0035 0.0222996 -0.0187996 25 0 25 0.288316 -0.6366
1990 HAK4 18 0 0.0025 0.0182708 -0.0157708 25 0 25 0.217196 -0.588775
1990 HAK4 19 0 0.0107 0.0829505 -0.0722505 25 0 25 0.563874 -1.3098
1992 HAK4 3 0 0.024 0.0573695 -0.0333695 37 0 37 2.49491 -0.87285
1992 HAK4 4 0 0.0471 0.0752061 -0.0281061 37 0 37 4.97852 -0.648265
1992 HAK4 5 0 0.0446 0.0630951 -0.0184951 37 0 37 4.95539 -0.462713
1992 HAK4 6 0 0.0708 0.0746188 -0.00381878 37 0 37 8.13406 -0.0883977
1992 HAK4 7 0 0.0778 0.0667366 0.0110634 37 0 37 9.43376 0.269652
1992 HAK4 8 0 0.1039 0.0718454 0.0320546 37 0 37 13.0692 0.755059
1992 HAK4 9 0 0.0671 0.0818291 -0.0147291 37 0 37 7.39644 -0.32686
1992 HAK4 10 0 0.1212 0.0789466 0.0422534 37 0 37 15.3185 0.953132
1992 HAK4 11 0 0.087 0.0700392 0.0169608 37 0 37 10.6319 0.404246
1992 HAK4 12 0 0.1111 0.0610699 0.0500301 37 0 37 14.8386 1.27087
1992 HAK4 13 0 0.0791 0.0526391 0.0264609 37 0 37 10.3175 0.720764
1992 HAK4 14 0 0.0438 0.0450282 -0.00122818 37 0 37 5.3976 -0.0360268
1992 HAK4 15 0 0.0412 0.0382653 0.00293473 37 0 37 5.27643 0.0930547
1992 HAK4 16 0 0.0244 0.0320499 -0.00764995 37 0 37 3.06806 -0.264192
1992 HAK4 17 0 0.029 0.0260878 0.00291219 37 0 37 3.94502 0.111133
1992 HAK4 18 0 0.0121 0.0205667 -0.0084667 37 0 37 1.61751 -0.362865
1992 HAK4 19 0 0.0158 0.0846066 -0.0688066 37 0 37 1.32938 -1.50392
1993 HAK4 3 0 0.0999 0.0887911 0.0111089 31 0 31 9.41384 0.217449
1993 HAK4 4 0 0.0576 0.0721861 -0.0145861 31 0 31 5.19811 -0.313808
1993 HAK4 5 0 0.0828 0.0813487 0.00145128 31 0 31 7.71552 0.0295585
1993 HAK4 6 0 0.0412 0.0669579 -0.0257579 31 0 31 3.59381 -0.573772
1993 HAK4 7 0 0.0582 0.0720187 -0.0138187 31 0 31 5.26678 -0.297616
1993 HAK4 8 0 0.0646 0.0638635 0.000736463 31 0 31 6.20471 0.0167701
1993 HAK4 9 0 0.0401 0.0652108 -0.0251108 31 0 31 3.51476 -0.566271
1993 HAK4 10 0 0.0571 0.0709282 -0.0138282 31 0 31 5.1756 -0.299924
1993 HAK4 11 0 0.0587 0.0673511 -0.00865114 31 0 31 5.4426 -0.192186
1993 HAK4 12 0 0.0842 0.0589851 0.0252149 31 0 31 8.71262 0.595893
1993 HAK4 13 0 0.1388 0.0509308 0.0878692 31 0 31 16.4547 2.22525
1993 HAK4 14 0 0.041 0.0436259 -0.00262591 31 0 31 4.11792 -0.0715773
1993 HAK4 15 0 0.0636 0.0371274 0.0264726 31 0 31 7.16037 0.779555
1993 HAK4 16 0 0.0432 0.0313648 0.0118352 31 0 31 4.81453 0.378056
1993 HAK4 17 0 0.032 0.0260597 0.00594027 31 0 31 3.61482 0.207604
1993 HAK4 18 0 0.0111 0.0209951 -0.00989515 31 0 31 1.21487 -0.384283
1993 HAK4 19 0 0.026 0.082255 -0.056255 31 0 31 1.94397 -1.13999
1994 HAK4 3 0 0.2247 0.132859 0.0918406 34 0 34 25.2619 1.57773
1994 HAK4 4 0 0.0891 0.105767 -0.0166666 34 0 34 8.63442 -0.315999
1994 HAK4 5 0 0.0852 0.0787436 0.0064564 34 0 34 9.02604 0.139776
1994 HAK4 6 0 0.0787 0.079625 -0.000924954 34 0 34 8.17084 -0.0199229
1994 HAK4 7 0 0.045 0.0645456 -0.0195456 34 0 34 4.49878 -0.463815
1994 HAK4 8 0 0.0532 0.0633895 -0.0101895 34 0 34 5.51361 -0.243839
1994 HAK4 9 0 0.0265 0.0550853 -0.0285853 34 0 34 2.57326 -0.730581
1994 HAK4 10 0 0.0352 0.0531505 -0.0179505 34 0 34 3.60737 -0.466575
1994 HAK4 11 0 0.0376 0.0552347 -0.0176347 34 0 34 3.84381 -0.450131
1994 HAK4 12 0 0.0507 0.0517013 -0.00100129 34 0 34 5.56028 -0.0263678
1994 HAK4 13 0 0.0209 0.0449439 -0.0240439 34 0 34 2.11097 -0.676698
1994 HAK4 14 0 0.0497 0.0385351 0.0111649 34 0 34 5.92902 0.338222
1994 HAK4 15 0 0.0251 0.0328301 -0.00773009 34 0 34 2.86074 -0.252951
1994 HAK4 16 0 0.0312 0.0277789 0.00342109 34 0 34 3.82824 0.121385
1994 HAK4 17 0 0.0476 0.0232611 0.0243389 34 0 34 6.45807 0.941532
1994 HAK4 18 0 0.0335 0.0190742 0.0144258 34 0 34 4.5746 0.61495
1994 HAK4 19 0 0.0663 0.0734753 -0.00717528 34 0 34 6.82536 -0.160354
1995 HAK4 3 0 0.173 0.106576 0.0664235 22 0 22 11.4113 1.00966
1995 HAK4 4 0 0.1344 0.158321 -0.0239211 22 0 22 7.18753 -0.307361
1995 HAK4 5 0 0.0868 0.114047 -0.0272473 22 0 22 4.75737 -0.402056
1995 HAK4 6 0 0.0491 0.0809316 -0.0318316 22 0 22 2.75173 -0.547441
1995 HAK4 7 0 0.0759 0.0740626 0.00183739 22 0 22 4.75719 0.0329095
1995 HAK4 8 0 0.0608 0.0586744 0.00212559 22 0 22 3.97023 0.0424225
1995 HAK4 9 0 0.0229 0.0529594 -0.0300594 22 0 22 1.35964 -0.629558
1995 HAK4 10 0 0.0623 0.0449336 0.0173664 22 0 22 4.45027 0.393205
1995 HAK4 11 0 0.0375 0.0413713 -0.00387126 22 0 22 2.56403 -0.0911777
1995 HAK4 12 0 0.0543 0.0414851 0.0128149 22 0 22 3.89574 0.301426
1995 HAK4 13 0 0.0517 0.0385317 0.0131683 22 0 22 3.7677 0.320896
1995 HAK4 14 0 0.093 0.0334281 0.0595719 22 0 22 7.68905 1.55446
1995 HAK4 15 0 0.0294 0.0285201 0.000879899 22 0 22 2.195 0.0247943
1995 HAK4 16 0 0.0168 0.024168 -0.00736803 22 0 22 1.25865 -0.225037
1995 HAK4 17 0 0.0222 0.020286 0.00191396 22 0 22 1.78255 0.063679
1995 HAK4 18 0 0.0201 0.016766 0.00333398 22 0 22 1.68659 0.121795
1995 HAK4 19 0 0.01 0.0649371 -0.0549371 22 0 22 0.510651 -1.04571
1996 HAK4 3 0 0.1225 0.0940154 0.0284846 20 0 20 6.93876 0.436481
1996 HAK4 4 0 0.1991 0.131148 0.0679522 20 0 20 11.2401 0.900254
1996 HAK4 5 0 0.2293 0.164959 0.064341 20 0 20 12.3613 0.775284
1996 HAK4 6 0 0.1278 0.114823 0.0129775 20 0 20 6.79539 0.182044
1996 HAK4 7 0 0.0678 0.0775794 -0.00977936 20 0 20 3.65519 -0.163489
1996 HAK4 8 0 0.058 0.0647918 -0.00679175 20 0 20 3.25007 -0.123391
1996 HAK4 9 0 0.0198 0.0499545 -0.0301545 20 0 20 1.06731 -0.619024
1996 HAK4 10 0 0.0431 0.0420303 0.00106967 20 0 20 2.67997 0.0238401
1996 HAK4 11 0 0.0038 0.0350035 -0.0312035 20 0 20 0.21549 -0.759277
1996 HAK4 12 0 0.0206 0.0313186 -0.0107186 20 0 20 1.3067 -0.275209
1996 HAK4 13 0 0.0328 0.0306413 0.00215873 20 0 20 2.18222 0.0560166
1996 HAK4 14 0 0.0242 0.028354 -0.00415399 20 0 20 1.60324 -0.111923
1996 HAK4 15 0 0.0136 0.024617 -0.011017 20 0 20 0.904586 -0.317961
1996 HAK4 16 0 0.0151 0.0209267 -0.00582668 20 0 20 1.05924 -0.182045
1996 HAK4 17 0 0.0145 0.0176143 -0.00311428 20 0 20 1.0649 -0.105876
1996 HAK4 18 0 0.0079 0.0146165 -0.00671653 20 0 20 0.595547 -0.250285
1996 HAK4 19 0 0.0001 0.0576074 -0.0575074 20 0 20 0.00455706 -1.10378
1997 HAK4 3 0 0.2073 0.0871877 0.120112 21 0 21 14.3443 1.9511
1997 HAK4 4 0 0.1483 0.11376 0.0345398 21 0 21 8.70661 0.498493
1997 HAK4 5 0 0.1522 0.139322 0.0128784 21 0 21 8.34319 0.170428
1997 HAK4 6 0 0.1318 0.1579 -0.0260998 21 0 21 6.6167 -0.328
1997 HAK4 7 0 0.0544 0.108635 -0.0542351 21 0 21 2.60241 -0.798688
1997 HAK4 8 0 0.076 0.070171 0.00582895 21 0 21 4.5947 0.104573
1997 HAK4 9 0 0.0225 0.0543536 -0.0318536 21 0 21 1.25461 -0.643857
1997 HAK4 10 0 0.0259 0.0410224 -0.0151224 21 0 21 1.61873 -0.349395
1997 HAK4 11 0 0.0091 0.0329279 -0.0238279 21 0 21 0.569556 -0.611906
1997 HAK4 12 0 0.0179 0.0271834 -0.0092834 21 0 21 1.23734 -0.261607
1997 HAK4 13 0 0.0392 0.0240009 0.0151991 21 0 21 3.00598 0.45508
1997 HAK4 14 0 0.035 0.0230467 0.0119533 21 0 21 2.68309 0.365053
1997 HAK4 15 0 0.0154 0.0212575 -0.00585749 21 0 21 1.1336 -0.186093
1997 HAK4 16 0 0.0019 0.0184667 -0.0165667 21 0 21 0.137526 -0.563895
1997 HAK4 17 0 0.0318 0.0156114 0.0161886 21 0 21 2.67578 0.598435
1997 HAK4 18 0 0.0062 0.0129943 -0.00679429 21 0 21 0.503466 -0.274927
1997 HAK4 19 0 0.025 0.0521597 -0.0271597 21 0 21 1.43098 -0.559758
1998 HAK4 3 0 0.0596 0.074119 -0.014519 19 0 19 3.00808 -0.241585
1998 HAK4 4 0 0.1291 0.104641 0.0244592 19 0 19 6.68612 0.348312
1998 HAK4 5 0 0.1527 0.120322 0.0323776 19 0 19 7.81291 0.433796
1998 HAK4 6 0 0.1293 0.137302 -0.00800201 19 0 19 6.03147 -0.101346
1998 HAK4 7 0 0.1389 0.144342 -0.00544169 19 0 19 6.46574 -0.0674938
1998 HAK4 8 0 0.088 0.0992444 -0.0112444 19 0 19 4.27529 -0.163929
1998 HAK4 9 0 0.0489 0.0620507 -0.0131507 19 0 19 2.55439 -0.237609
1998 HAK4 10 0 0.0393 0.0455649 -0.00626486 19 0 19 2.22106 -0.130948
1998 HAK4 11 0 0.0451 0.0340062 0.0110938 19 0 19 2.84367 0.266803
1998 HAK4 12 0 0.0398 0.0266272 0.0131728 19 0 19 2.65899 0.356659
1998 HAK4 13 0 0.016 0.0219044 -0.00590442 19 0 19 1.05276 -0.175832
1998 HAK4 14 0 0.0307 0.0192089 0.0114911 19 0 19 2.19085 0.36492
1998 HAK4 15 0 0.0117 0.018148 -0.00644798 19 0 19 0.799737 -0.210554
1998 HAK4 16 0 0.0123 0.0166611 -0.00436109 19 0 19 0.862522 -0.148514
1998 HAK4 17 0 0.0147 0.0144382 0.000261823 19 0 19 1.07921 0.00956723
1998 HAK4 18 0 0.0192 0.0120854 0.00711462 19 0 19 1.49406 0.283817
1998 HAK4 19 0 0.0247 0.0493348 -0.0246348 19 0 19 1.29072 -0.495833
1999 HAK4 3 0 0.1308 0.056413 0.074387 17 0 17 7.30205 1.32936
1999 HAK4 4 0 0.1072 0.0990541 0.00814594 17 0 17 4.74919 0.112429
1999 HAK4 5 0 0.1112 0.121333 -0.0101333 17 0 17 4.58167 -0.12796
1999 HAK4 6 0 0.0771 0.128968 -0.0518678 17 0 17 2.84521 -0.638064
1999 HAK4 7 0 0.06 0.136304 -0.0763045 17 0 17 2.04131 -0.916936
1999 HAK4 8 0 0.112 0.131359 -0.0193588 17 0 17 4.47119 -0.236294
1999 HAK4 9 0 0.0669 0.0877077 -0.0208077 17 0 17 2.83186 -0.303293
1999 HAK4 10 0 0.0692 0.0515436 0.0176564 17 0 17 3.57267 0.329254
1999 HAK4 11 0 0.037 0.0351252 0.00187483 17 0 17 1.99784 0.0419896
1999 HAK4 12 0 0.0382 0.0254854 0.0127146 17 0 17 2.27774 0.332651
1999 HAK4 13 0 0.0227 0.0195185 0.00318146 17 0 17 1.40041 0.0948215
1999 HAK4 14 0 0.0204 0.0159656 0.00443437 17 0 17 1.31995 0.145867
1999 HAK4 15 0 0.0032 0.0139285 -0.0107285 17 0 17 0.203467 -0.377448
1999 HAK4 16 0 0.0305 0.0129602 0.0175398 17 0 17 2.13339 0.639407
1999 HAK4 17 0 0.0191 0.0118024 0.00729757 17 0 17 1.32948 0.278609
1999 HAK4 18 0 0.0279 0.0101528 0.0177472 17 0 17 2.05563 0.729921
1999 HAK4 19 0 0.0668 0.0423788 0.0244212 17 0 17 3.65285 0.499829
2000 HAK4 3 0 0.0751 0.0583883 0.0167117 31 0 31 7.62961 0.396829
2000 HAK4 4 0 0.0821 0.074594 0.00750602 31 0 31 7.85736 0.159064
2000 HAK4 5 0 0.0855 0.111653 -0.0261528 31 0 31 7.18153 -0.462351
2000 HAK4 6 0 0.0724 0.126766 -0.0543656 31 0 31 5.56573 -0.909785
2000 HAK4 7 0 0.0813 0.127372 -0.0460724 31 0 31 6.41687 -0.769431
2000 HAK4 8 0 0.1222 0.126307 -0.00410712 31 0 31 10.702 -0.0688374
2000 HAK4 9 0 0.0921 0.113798 -0.0216985 31 0 31 7.81783 -0.380431
2000 HAK4 10 0 0.0678 0.0749118 -0.00711179 31 0 31 6.2358 -0.150416
2000 HAK4 11 0 0.0684 0.0427849 0.0256151 31 0 31 7.48966 0.704736
2000 HAK4 12 0 0.0507 0.0279378 0.0227622 31 0 31 5.95954 0.769047
2000 HAK4 13 0 0.0308 0.0199981 0.0108019 31 0 31 3.71685 0.429609
2000 HAK4 14 0 0.0599 0.0151808 0.0447192 31 0 31 8.3414 2.03633
2000 HAK4 15 0 0.0231 0.0123548 0.0107452 31 0 31 3.05399 0.5416
2000 HAK4 16 0 0.0198 0.0107171 0.00908291 31 0 31 2.67337 0.491142
2000 HAK4 17 0 0.0227 0.00980639 0.0128936 31 0 31 3.15939 0.728519
2000 HAK4 18 0 0.0031 0.00881105 -0.00571105 31 0 31 0.406512 -0.340255
2000 HAK4 19 0 0.0429 0.0386187 0.00428127 31 0 31 4.49989 0.12371
2001 HAK4 3 0 0.0097 0.0484316 -0.0387316 23 0 23 0.583743 -0.865256
2001 HAK4 4 0 0.0587 0.0763 -0.0176 23 0 23 3.65885 -0.317942
2001 HAK4 5 0 0.0832 0.087039 -0.00383903 23 0 23 5.28677 -0.0653134
2001 HAK4 6 0 0.0623 0.11725 -0.0549498 23 0 23 3.30996 -0.819134
2001 HAK4 7 0 0.1438 0.12624 0.0175598 23 0 23 9.03582 0.253565
2001 HAK4 8 0 0.1161 0.120979 -0.00487895 23 0 23 7.03359 -0.0717522
2001 HAK4 9 0 0.1212 0.113405 0.00779493 23 0 23 7.59951 0.117895
2001 HAK4 10 0 0.1086 0.0969236 0.0116764 23 0 23 7.02799 0.189276
2001 HAK4 11 0 0.1065 0.0635047 0.0429953 23 0 23 7.89808 0.84553
2001 HAK4 12 0 0.0692 0.0360394 0.0331606 23 0 23 5.64023 0.853232
2001 HAK4 13 0 0.02 0.0229312 -0.00293124 23 0 23 1.61513 -0.0939157
2001 HAK4 14 0 0.0245 0.0162431 0.00825688 23 0 23 2.20505 0.313257
2001 HAK4 15 0 0.0056 0.0122652 -0.00666516 23 0 23 0.505358 -0.290414
2001 HAK4 16 0 0.0138 0.00991922 0.00388078 23 0 23 1.35331 0.187806
2001 HAK4 17 0 0.0226 0.00852613 0.0140739 23 0 23 2.35677 0.73411
2001 HAK4 18 0 0.0047 0.0076459 -0.0029459 23 0 23 0.473577 -0.162194
2001 HAK4 19 0 0.0296 0.0363569 -0.00675692 23 0 23 2.15676 -0.173125
2002 HAK4 3 0 0.0527 0.0754721 -0.0227721 24 0 24 3.40164 -0.422333
2002 HAK4 4 0 0.0445 0.0611655 -0.0166655 24 0 24 3.0144 -0.340703
2002 HAK4 5 0 0.0387 0.0825439 -0.0438439 24 0 24 2.28838 -0.780512
2002 HAK4 6 0 0.0478 0.0902585 -0.0424585 24 0 24 2.82812 -0.725884
2002 HAK4 7 0 0.0913 0.112593 -0.0212934 24 0 24 5.66215 -0.330014
2002 HAK4 8 0 0.1144 0.116929 -0.00252915 24 0 24 7.37419 -0.0385586
2002 HAK4 9 0 0.1172 0.108311 0.00888897 24 0 24 7.81382 0.140125
2002 HAK4 10 0 0.1324 0.0976063 0.0347937 24 0 24 9.41293 0.57434
2002 HAK4 11 0 0.1077 0.080681 0.027019 24 0 24 7.80229 0.486023
2002 HAK4 12 0 0.0952 0.0531927 0.0420073 24 0 24 7.67464 0.91701
2002 HAK4 13 0 0.0576 0.0304679 0.0271321 24 0 24 5.03152 0.773367
2002 HAK4 14 0 0.0287 0.0190507 0.00964927 24 0 24 2.63 0.345797
2002 HAK4 15 0 0.0131 0.013332 -0.000231975 24 0 24 1.24696 -0.00990862
2002 HAK4 16 0 0.0098 0.00999396 -0.000193958 24 0 24 0.988505 -0.00955269
2002 HAK4 17 0 0.0027 0.00798596 -0.00528596 24 0 24 0.278934 -0.290943
2002 HAK4 18 0 0.0047 0.00674488 -0.00204488 24 0 24 0.508704 -0.122393
2002 HAK4 19 0 0.0413 0.0336712 0.00762881 24 0 24 3.35758 0.207191
2003 HAK4 3 0 0.0388 0.053337 -0.014537 10 0 10 1.01847 -0.204579
2003 HAK4 4 0 0.1001 0.0919028 0.00819724 10 0 10 2.38983 0.0897299
2003 HAK4 5 0 0.0304 0.0698225 -0.0394225 10 0 10 0.700345 -0.489174
2003 HAK4 6 0 0.1096 0.0844155 0.0251845 10 0 10 2.75282 0.286466
2003 HAK4 7 0 0.0609 0.0901464 -0.0292464 10 0 10 1.35403 -0.322933
2003 HAK4 8 0 0.1157 0.105678 0.0100215 10 0 10 2.67427 0.103085
2003 HAK4 9 0 0.0837 0.106835 -0.0231346 10 0 10 1.81189 -0.236831
2003 HAK4 10 0 0.0741 0.0967125 -0.0226125 10 0 10 1.64439 -0.241933
2003 HAK4 11 0 0.1217 0.0848784 0.0368216 10 0 10 3.10806 0.417796
2003 HAK4 12 0 0.0897 0.0687182 0.0209818 10 0 10 2.36188 0.262281
2003 HAK4 13 0 0.0349 0.0457847 -0.0108847 10 0 10 0.961122 -0.164677
2003 HAK4 14 0 0.0433 0.0266265 0.0166735 10 0 10 1.44891 0.327514
2003 HAK4 15 0 0.0176 0.0164436 0.00115641 10 0 10 0.644908 0.0287549
2003 HAK4 16 0 0.0002 0.0113535 -0.0111535 10 0 10 0.00780531 -0.33291
2003 HAK4 17 0 0.0076 0.00842688 -0.000826878 10 0 10 0.323716 -0.0286052
2003 HAK4 18 0 0.0133 0.00662447 0.00667553 10 0 10 0.604172 0.260227
2003 HAK4 19 0 0.0586 0.0322941 0.0263059 10 0 10 1.89739 0.470566
2004 HAK4 3 0 0.0319 0.0867625 -0.0548625 16 0 16 1.12736 -0.779611
2004 HAK4 4 0 0.0301 0.0723229 -0.0422229 16 0 16 1.14368 -0.652036
2004 HAK4 5 0 0.0306 0.102865 -0.0722649 16 0 16 0.992405 -0.951536
2004 HAK4 6 0 0.0536 0.0773905 -0.0237905 16 0 16 2.14104 -0.356132
2004 HAK4 7 0 0.0893 0.0835535 0.00574651 16 0 16 3.78254 0.0830669
2004 HAK4 8 0 0.0821 0.0853899 -0.00328987 16 0 16 3.39455 -0.0470888
2004 HAK4 9 0 0.1564 0.0924622 0.0639378 16 0 16 7.16173 0.882884
2004 HAK4 10 0 0.0579 0.0892656 -0.0313656 16 0 16 2.20897 -0.440024
2004 HAK4 11 0 0.1151 0.077939 0.037161 16 0 16 5.25149 0.554486
2004 HAK4 12 0 0.0998 0.0663177 0.0334823 16 0 16 4.68761 0.538221
2004 HAK4 13 0 0.1081 0.0527153 0.0553847 16 0 16 5.54855 0.991381
2004 HAK4 14 0 0.0475 0.0354807 0.0120193 16 0 16 2.45557 0.259888
2004 HAK4 15 0 0.0339 0.0209913 0.0129087 16 0 16 1.97724 0.360187
2004 HAK4 16 0 0.0179 0.0128615 0.00503848 16 0 16 1.14108 0.178865
2004 HAK4 17 0 0.0131 0.00874938 0.00435062 16 0 16 0.905156 0.186866
2004 HAK4 18 0 0.0002 0.00640382 -0.00620382 16 0 16 0.0143241 -0.311096
2004 HAK4 19 0 0.0325 0.0285292 0.00397084 16 0 16 1.72968 0.0954077
2005 HAK4 3 0 0.4424 0.238155 0.204245 16 0 16 18.8399 1.91799
2005 HAK4 4 0 0.1235 0.0991451 0.0243549 16 0 16 5.23799 0.325975
2005 HAK4 5 0 0.044 0.07197 -0.02797 16 0 16 1.75761 -0.432908
2005 HAK4 6 0 0.043 0.0862475 -0.0432475 16 0 16 1.58771 -0.616217
2005 HAK4 7 0 0.0604 0.0643628 -0.00396277 16 0 16 2.63721 -0.0645934
2005 HAK4 8 0 0.0319 0.0624335 -0.0305335 16 0 16 1.29532 -0.504809
2005 HAK4 9 0 0.0147 0.0610293 -0.0463293 16 0 16 0.56294 -0.774141
2005 HAK4 10 0 0.0492 0.0618393 -0.0126393 16 0 16 2.11628 -0.209901
2005 HAK4 11 0 0.0292 0.0578201 -0.0286201 16 0 16 1.21024 -0.490484
2005 HAK4 12 0 0.0148 0.0496761 -0.0348761 16 0 16 0.615764 -0.642064
2005 HAK4 13 0 0.0282 0.041744 -0.013544 16 0 16 1.31167 -0.270875
2005 HAK4 14 0 0.0292 0.032975 -0.00377505 16 0 16 1.47262 -0.0845611
2005 HAK4 15 0 0.0154 0.0225234 -0.00712341 16 0 16 0.837199 -0.192034
2005 HAK4 16 0 0.0135 0.0136325 -0.000132459 16 0 16 0.837948 -0.00456914
2005 HAK4 17 0 0.0077 0.00836392 -0.000663921 16 0 16 0.530046 -0.0291605
2005 HAK4 18 0 0.0136 0.00562278 0.00797722 16 0 16 1.0371 0.426737
2005 HAK4 19 0 0.0392 0.0224593 0.0167407 16 0 16 2.27203 0.451927
2006 HAK4 3 0 0.2396 0.134087 0.105513 20 0 20 14.065 1.38482
2006 HAK4 4 0 0.2879 0.241638 0.0462625 20 0 20 14.3088 0.483307
2006 HAK4 5 0 0.087 0.0989712 -0.0119712 20 0 20 4.49154 -0.179279
2006 HAK4 6 0 0.0462 0.0662967 -0.0200967 20 0 20 2.47714 -0.361235
2006 HAK4 7 0 0.0703 0.0711305 -0.000830467 20 0 20 3.93718 -0.0144488
2006 HAK4 8 0 0.067 0.0543551 0.0126449 20 0 20 4.08099 0.249429
2006 HAK4 9 0 0.0324 0.0495692 -0.0171692 20 0 20 1.84128 -0.353751
2006 HAK4 10 0 0.0317 0.0477928 -0.0160928 20 0 20 1.8201 -0.337365
2006 HAK4 11 0 0.0368 0.0470357 -0.0102357 20 0 20 2.16205 -0.216213
2006 HAK4 12 0 0.0283 0.0435336 -0.0152336 20 0 20 1.65759 -0.333864
2006 HAK4 13 0 0.0237 0.0372717 -0.0135717 20 0 20 1.43782 -0.320411
2006 HAK4 14 0 0.0115 0.0310058 -0.0195058 20 0 20 0.705442 -0.503264
2006 HAK4 15 0 0.0121 0.0242836 -0.0121836 20 0 20 0.803331 -0.353974
2006 HAK4 16 0 0.0133 0.0167171 -0.00341708 20 0 20 0.986534 -0.119193
2006 HAK4 17 0 0.01 0.0102566 -0.000256561 20 0 20 0.830593 -0.0113879
2006 HAK4 18 0 0.0001 0.00624253 -0.00614253 20 0 20 0.00900159 -0.348772
2006 HAK4 19 0 0.0022 0.019814 -0.017614 20 0 20 0.148702 -0.565239
2007 HAK4 3 0 0.0993 0.105427 -0.00612713 21 0 21 5.46465 -0.0914287
2007 HAK4 4 0 0.1484 0.153706 -0.00530649 21 0 21 7.77599 -0.0674234
2007 HAK4 5 0 0.2786 0.227749 0.0508514 21 0 21 14.9572 0.555655
2007 HAK4 6 0 0.1096 0.0997017 0.00989826 21 0 21 6.29526 0.151399
2007 HAK4 7 0 0.0726 0.0605623 0.0120377 21 0 21 4.57723 0.231269
2007 HAK4 8 0 0.0281 0.058688 -0.030588 21 0 21 1.55944 -0.596375
2007 HAK4 9 0 0.0516 0.0451821 0.00641791 21 0 21 3.39353 0.141599
2007 HAK4 10 0 0.0376 0.0388645 -0.00126448 21 0 21 2.49036 -0.0299815
2007 HAK4 11 0 0.0495 0.0366466 0.0128534 21 0 21 3.45424 0.313487
2007 HAK4 12 0 0.0135 0.0351395 -0.0216395 21 0 21 0.844052 -0.538551
2007 HAK4 13 0 0.0165 0.0322125 -0.0157125 21 0 21 1.07553 -0.407805
2007 HAK4 14 0 0.0319 0.0275278 0.00437215 21 0 21 2.30493 0.122456
2007 HAK4 15 0 0.0388 0.0227178 0.0160822 21 0 21 3.01691 0.494608
2007 HAK4 16 0 0.0064 0.0176678 -0.0112678 21 0 21 0.478826 -0.391948
2007 HAK4 17 0 0.0106 0.0122301 -0.00163013 21 0 21 0.888712 -0.0679655
2007 HAK4 18 0 0.0001 0.00757068 -0.00747068 21 0 21 0.00904676 -0.39496
2007 HAK4 19 0 0.0068 0.0184063 -0.0116063 21 0 21 0.503775 -0.395689
2008 HAK4 3 0 0.0153 0.0476632 -0.0323632 17 0 17 0.691131 -0.626309
2008 HAK4 4 0 0.1008 0.127283 -0.026483 17 0 17 3.97801 -0.32762
2008 HAK4 5 0 0.1202 0.167507 -0.0473068 17 0 17 4.38457 -0.522326
2008 HAK4 6 0 0.3307 0.21695 0.11375 17 0 17 14.4731 1.1379
2008 HAK4 7 0 0.0911 0.102559 -0.0114588 17 0 17 3.84639 -0.155731
2008 HAK4 8 0 0.1118 0.0564725 0.0553275 17 0 17 6.06573 0.988257
2008 HAK4 9 0 0.0304 0.0498469 -0.0194469 17 0 17 1.42974 -0.368433
2008 HAK4 10 0 0.0941 0.0382899 0.0558101 17 0 17 5.57632 1.19915
2008 HAK4 11 0 0.0185 0.0314443 -0.0129443 17 0 17 0.977515 -0.305822
2008 HAK4 12 0 0.0213 0.0290166 -0.00771657 17 0 17 1.16525 -0.189548
2008 HAK4 13 0 0.0187 0.0273274 -0.00862738 17 0 17 1.03337 -0.218183
2008 HAK4 14 0 0.0138 0.0248586 -0.0110586 17 0 17 0.772115 -0.292856
2008 HAK4 15 0 0.0172 0.0212206 -0.00402058 17 0 17 1.0197 -0.115025
2008 HAK4 16 0 0.0001 0.0173957 -0.0172957 17 0 17 0.00590872 -0.545446
2008 HAK4 17 0 0.0097 0.0134367 -0.00373671 17 0 17 0.636243 -0.133815
2008 HAK4 18 0 0.0061 0.00931932 -0.00321932 17 0 17 0.433436 -0.138143
2008 HAK4 19 0 0.0001 0.01941 -0.01931 17 0 17 0.00572246 -0.577098
2009 HAK4 3 0 0.0539 0.0764168 -0.0225168 27 0 27 3.99613 -0.440408
2009 HAK4 4 0 0.0498 0.0617367 -0.0119367 27 0 27 3.92603 -0.25771
2009 HAK4 5 0 0.1413 0.133166 0.00813354 27 0 27 10.5952 0.124393
2009 HAK4 6 0 0.1398 0.166894 -0.0270936 27 0 27 9.60233 -0.377554
2009 HAK4 7 0 0.2082 0.193628 0.0145716 27 0 27 15.1107 0.191619
2009 HAK4 8 0 0.1102 0.0978925 0.0123075 27 0 27 8.67543 0.215204
2009 HAK4 9 0 0.0759 0.0497375 0.0261625 27 0 27 6.88906 0.625312
2009 HAK4 10 0 0.055 0.0404963 0.0145037 27 0 27 5.03591 0.382322
2009 HAK4 11 0 0.0394 0.0310638 0.00833622 27 0 27 3.72148 0.249676
2009 HAK4 12 0 0.0249 0.0248788 2.12442e-05 27 0 27 2.38202 0.000708726
2009 HAK4 13 0 0.0247 0.0225943 0.00210574 27 0 27 2.42532 0.0736293
2009 HAK4 14 0 0.027 0.0210539 0.00594609 27 0 27 2.725 0.215213
2009 HAK4 15 0 0.0184 0.019054 -0.000654048 27 0 27 1.84667 -0.0248585
2009 HAK4 16 0 0.0172 0.0162711 0.000928889 27 0 27 1.79109 0.0381504
2009 HAK4 17 0 0.0102 0.0132673 -0.00306734 27 0 27 1.08674 -0.1393
2009 HAK4 18 0 0.0024 0.0101683 -0.00776828 27 0 27 0.263279 -0.402349
2009 HAK4 19 0 0.0016 0.0216803 -0.0200803 27 0 27 0.142082 -0.716439
2010 HAK4 3 0 0.0722 0.0640375 0.00816254 16 0 16 3.24796 0.133364
2010 HAK4 4 0 0.089 0.0874909 0.0015091 16 0 16 3.70185 0.0213637
2010 HAK4 5 0 0.1032 0.0692084 0.0339916 16 0 16 4.80622 0.535706
2010 HAK4 6 0 0.1441 0.128178 0.0159223 16 0 16 5.72938 0.190523
2010 HAK4 7 0 0.1502 0.158531 -0.00833087 16 0 16 5.52198 -0.0912377
2010 HAK4 8 0 0.1771 0.170386 0.00671386 16 0 16 6.60132 0.0714294
2010 HAK4 9 0 0.072 0.0919924 -0.0199924 16 0 16 2.82022 -0.276697
2010 HAK4 10 0 0.0446 0.045225 -0.000625004 16 0 16 2.11648 -0.012031
2010 HAK4 11 0 0.0387 0.0347691 0.00393087 16 0 16 1.96989 0.0858295
2010 HAK4 12 0 0.0193 0.0268186 -0.00751864 16 0 16 1.00782 -0.186159
2010 HAK4 13 0 0.0163 0.0213057 -0.00500571 16 0 16 0.903103 -0.138661
2010 HAK4 14 0 0.0221 0.0190526 0.00304744 16 0 16 1.28481 0.0891651
2010 HAK4 15 0 0.0219 0.0175675 0.00433251 16 0 16 1.30093 0.131915
2010 HAK4 16 0 0.0173 0.0157764 0.00152361 16 0 16 1.04457 0.0489083
2010 HAK4 17 0 0.0058 0.0134004 -0.0076004 16 0 16 0.353413 -0.264404
2010 HAK4 18 0 0.0061 0.010791 -0.00469104 16 0 16 0.393183 -0.181616
2010 HAK4 19 0 0.0001 0.0254698 -0.0253698 16 0 16 0.00495098 -0.644119
2011 HAK4 3 0 0.063 0.0555717 0.00742835 13 0 13 2.30144 0.11691
2011 HAK4 4 0 0.0511 0.0777469 -0.0266469 13 0 13 1.59408 -0.3588
2011 HAK4 5 0 0.177 0.0909876 0.0860124 13 0 13 6.5037 1.07834
2011 HAK4 6 0 0.0599 0.0740444 -0.0141444 13 0 13 1.95004 -0.194766
2011 HAK4 7 0 0.1653 0.120377 0.0449225 13 0 13 5.38433 0.497754
2011 HAK4 8 0 0.1108 0.147318 -0.0365179 13 0 13 3.00225 -0.371498
2011 HAK4 9 0 0.1187 0.149247 -0.0305474 13 0 13 3.25065 -0.309094
2011 HAK4 10 0 0.0711 0.0851428 -0.0140428 13 0 13 2.24682 -0.181415
2011 HAK4 11 0 0.0168 0.0415782 -0.0247782 13 0 13 0.604072 -0.447538
2011 HAK4 12 0 0.034 0.0303036 0.00369642 13 0 13 1.42415 0.0777478
2011 HAK4 13 0 0.043 0.0234147 0.0195853 13 0 13 1.98167 0.466984
2011 HAK4 14 0 0.0095 0.0185696 -0.00906956 13 0 13 0.432861 -0.24223
2011 HAK4 15 0 0.0011 0.0163755 -0.0152755 13 0 13 0.050714 -0.433966
2011 HAK4 16 0 0.0211 0.0149563 0.00614371 13 0 13 1.04933 0.1825
2011 HAK4 17 0 0.0241 0.0133116 0.0107884 13 0 13 1.24286 0.339411
2011 HAK4 18 0 0.0319 0.0112049 0.0206951 13 0 13 1.74218 0.708896
2011 HAK4 19 0 0.0019 0.0298496 -0.0279496 13 0 13 0.0729747 -0.592186
2012 HAK4 3 0 0.0491 0.058815 -0.00971502 13 0 13 1.70139 -0.148879
2012 HAK4 4 0 0.0619 0.068005 -0.00610505 13 0 13 2.09344 -0.0874346
2012 HAK4 5 0 0.1059 0.0835101 0.0223899 13 0 13 3.61984 0.291803
2012 HAK4 6 0 0.1332 0.0896984 0.0435016 13 0 13 4.63563 0.548899
2012 HAK4 7 0 0.0625 0.075677 -0.013177 13 0 13 2.02983 -0.179637
2012 HAK4 8 0 0.1253 0.110736 0.0145641 13 0 13 3.96388 0.167339
2012 HAK4 9 0 0.1391 0.133709 0.0053908 13 0 13 4.16215 0.05711
2012 HAK4 10 0 0.0591 0.129488 -0.0703884 13 0 13 1.49079 -0.75591
2012 HAK4 11 0 0.0947 0.0773276 0.0173724 13 0 13 3.2654 0.234499
2012 HAK4 12 0 0.0313 0.0382228 -0.00692284 13 0 13 1.20824 -0.130184
2012 HAK4 13 0 0.0382 0.0264819 0.0117181 13 0 13 1.6824 0.263136
2012 HAK4 14 0 0.0314 0.0203949 0.0110051 13 0 13 1.46882 0.280724
2012 HAK4 15 0 0.0111 0.0161833 -0.00508335 13 0 13 0.527796 -0.145255
2012 HAK4 16 0 0.0103 0.0140735 -0.00377352 13 0 13 0.507451 -0.115503
2012 HAK4 17 0 0.0001 0.0126943 -0.0125943 13 0 13 0.00492759 -0.405616
2012 HAK4 18 0 0.0074 0.0111474 -0.00374741 13 0 13 0.384316 -0.128692
2012 HAK4 19 0 0.0394 0.0338351 0.00556493 13 0 13 1.61417 0.110974
*end

*observation[chatOBSwst]
observation_type: process_removals_by_age
likelihood: multinomial
error_value_multiplier: 1
likelihood_multiplier: 1
categories: HAK4
Values {dataframe}
year category age length observed expected residual error_value process_error adjusted_error neglogLike pearsons_residuals
1992 HAK4 3 0 0.0583 0.0845291 -0.0262291 27 0 27 4.22718 -0.489937
1992 HAK4 4 0 0.0978 0.114911 -0.0171114 27 0 27 7.07248 -0.2788
1992 HAK4 5 0 0.0796 0.0990414 -0.0194414 27 0 27 5.80456 -0.338181
1992 HAK4 6 0 0.1452 0.114002 0.0311984 27 0 27 11.5722 0.510085
1992 HAK4 7 0 0.0885 0.0922546 -0.00375461 27 0 27 6.77578 -0.0674172
1992 HAK4 8 0 0.1002 0.0856731 0.0145269 27 0 27 8.08213 0.269701
1992 HAK4 9 0 0.0517 0.086132 -0.034432 27 0 27 3.63676 -0.637705
1992 HAK4 10 0 0.0995 0.0744507 0.0250493 27 0 27 8.39084 0.495842
1992 HAK4 11 0 0.0585 0.0589935 -0.000493532 27 0 27 4.81262 -0.0108843
1992 HAK4 12 0 0.0607 0.04604 0.01466 27 0 27 5.43192 0.363484
1992 HAK4 13 0 0.056 0.0355637 0.0204363 27 0 27 5.33784 0.57338
1992 HAK4 14 0 0.0233 0.0272899 -0.00398991 27 0 27 2.15698 -0.127248
1992 HAK4 15 0 0.0296 0.0208443 0.00875571 27 0 27 3.02213 0.318459
1992 HAK4 16 0 0.014 0.0157586 -0.00175863 27 0 27 1.45083 -0.0733746
1992 HAK4 17 0 0.0167 0.0116528 0.00504724 27 0 27 1.88607 0.244381
1992 HAK4 18 0 0.008 0.00840114 -0.00040114 27 0 27 0.94251 -0.0228371
1992 HAK4 19 0 0.0122 0.0244621 -0.0122621 27 0 27 1.10962 -0.412457
1994 HAK4 3 0 0.182 0.173919 0.00808055 9 0 9 3.25142 0.0639553
1994 HAK4 4 0 0.1107 0.143804 -0.0331035 9 0 9 1.93057 -0.283025
1994 HAK4 5 0 0.1768 0.11048 0.0663198 9 0 9 3.85611 0.634665
1994 HAK4 6 0 0.1345 0.109685 0.0248149 9 0 9 2.77807 0.238225
1994 HAK4 7 0 0.1009 0.0813832 0.0195168 9 0 9 2.24197 0.214139
1994 HAK4 8 0 0.0905 0.0710415 0.0194585 9 0 9 2.08706 0.227236
1994 HAK4 9 0 0.0448 0.0553751 -0.0105751 9 0 9 1.04691 -0.138713
1994 HAK4 10 0 0.0175 0.0475879 -0.0300879 9 0 9 0.407689 -0.423987
1994 HAK4 11 0 0.0175 0.0449074 -0.0274074 9 0 9 0.41682 -0.397016
1994 HAK4 12 0 0.0153 0.0382846 -0.0229846 9 0 9 0.384429 -0.359354
1994 HAK4 13 0 0.0009 0.0299944 -0.0290944 9 0 9 0.0237829 -0.511709
1994 HAK4 14 0 0.0209 0.0230963 -0.00219628 9 0 9 0.626932 -0.0438644
1994 HAK4 15 0 0.0154 0.0176834 -0.00228345 9 0 9 0.494089 -0.051976
1994 HAK4 16 0 0.0146 0.0134719 0.00112806 9 0 9 0.503478 0.0293551
1994 HAK4 17 0 0.013 0.0102115 0.00278852 9 0 9 0.479486 0.0832108
1994 HAK4 18 0 0.0176 0.00766267 0.00993733 9 0 9 0.699394 0.341878
1994 HAK4 19 0 0.0271 0.0214119 0.00568807 9 0 9 0.840643 0.117885
1995 HAK4 3 0 0.3379 0.131426 0.206474 11 0 11 10.3035 2.02683
1995 HAK4 4 0 0.1712 0.203015 -0.0318148 11 0 11 3.59082 -0.262323
1995 HAK4 5 0 0.1471 0.151345 -0.00424464 11 0 11 3.42637 -0.0392815
1995 HAK4 6 0 0.1346 0.105382 0.029218 11 0 11 3.60273 0.315605
1995 HAK4 7 0 0.0573 0.0893797 -0.0320797 11 0 11 1.41371 -0.37294
1995 HAK4 8 0 0.0429 0.0632567 -0.0203567 11 0 11 1.18127 -0.277358
1995 HAK4 9 0 0.0037 0.0510023 -0.0473023 11 0 11 0.0989619 -0.713102
1995 HAK4 10 0 0.0367 0.0393305 -0.0026305 11 0 11 1.18644 -0.0448831
1995 HAK4 11 0 0.0092 0.0324444 -0.0232444 11 0 11 0.296557 -0.435118
1995 HAK4 12 0 0.0125 0.0294572 -0.0169572 11 0 11 0.419891 -0.332619
1995 HAK4 13 0 0.0079 0.0248356 -0.0169356 11 0 11 0.276939 -0.360928
1995 HAK4 14 0 0.0175 0.0194047 -0.00190468 11 0 11 0.675711 -0.0457953
1995 HAK4 15 0 0.0054 0.0148741 -0.00947409 11 0 11 0.218498 -0.259581
1995 HAK4 16 0 0.003 0.011345 -0.00834496 11 0 11 0.12964 -0.261335
1995 HAK4 17 0 0.0028 0.00861271 -0.00581271 11 0 11 0.12943 -0.208633
1995 HAK4 18 0 0.01 0.00650313 0.00349687 11 0 11 0.499863 0.144288
1995 HAK4 19 0 0.0002 0.0183863 -0.0181863 11 0 11 0.00752563 -0.448976
1996 HAK4 3 0 0.1625 0.110038 0.052462 11 0 11 4.45112 0.556012
1996 HAK4 4 0 0.2141 0.161062 0.0530377 11 0 11 5.34498 0.478541
1996 HAK4 5 0 0.2736 0.210551 0.0630493 11 0 11 6.49287 0.512904
1996 HAK4 6 0 0.1439 0.144986 -0.00108639 11 0 11 3.4014 -0.0102337
1996 HAK4 7 0 0.0654 0.0905906 -0.0251906 11 0 11 1.63596 -0.291081
1996 HAK4 8 0 0.0669 0.0675684 -0.000668388 11 0 11 1.89515 -0.0088317
1996 HAK4 9 0 0.0143 0.0468442 -0.0325442 11 0 11 0.409627 -0.510811
1996 HAK4 10 0 0.0261 0.035533 -0.00943304 11 0 11 0.852239 -0.169001
1996 HAK4 11 0 0.0041 0.026884 -0.022784 11 0 11 0.138697 -0.467194
1996 HAK4 12 0 0.0046 0.0214156 -0.0168156 11 0 11 0.167336 -0.385252
1996 HAK4 13 0 0.0054 0.0188215 -0.0134215 11 0 11 0.204516 -0.327564
1996 HAK4 14 0 0.0059 0.0157647 -0.00986471 11 0 11 0.235232 -0.262656
1996 HAK4 15 0 0.0105 0.0123334 -0.00183336 11 0 11 0.451405 -0.0550933
1996 HAK4 16 0 0.0003 0.00942899 -0.00912899 11 0 11 0.0134952 -0.313288
1996 HAK4 17 0 0.0017 0.00716927 -0.00546927 11 0 11 0.0818308 -0.215006
1996 HAK4 18 0 0.0004 0.00542582 -0.00502582 11 0 11 0.0204291 -0.226909
1996 HAK4 19 0 0.0001 0.0155831 -0.0154831 11 0 11 0.00394378 -0.414608
1997 HAK4 3 0 0.1477 0.100491 0.0472085 7 0 7 2.39027 0.415434
1997 HAK4 4 0 0.2041 0.137521 0.0665792 7 0 7 3.07032 0.511481
1997 HAK4 5 0 0.2076 0.175005 0.032595 7 0 7 2.78516 0.22696
1997 HAK4 6 0 0.143 0.195829 -0.0528288 7 0 7 1.63257 -0.352214
1997 HAK4 7 0 0.0652 0.12561 -0.0604097 7 0 7 0.825364 -0.482271
1997 HAK4 8 0 0.1273 0.0719625 0.0553375 7 0 7 2.3029 0.566543
1997 HAK4 9 0 0.0146 0.0494131 -0.0348131 7 0 7 0.256569 -0.424986
1997 HAK4 10 0 0.0103 0.0336664 -0.0233664 7 0 7 0.207024 -0.342751
1997 HAK4 11 0 0.0272 0.0242651 0.00293486 7 0 7 0.625503 0.0504637
1997 HAK4 12 0 0.0038 0.0180266 -0.0142266 7 0 7 0.0920438 -0.282906
1997 HAK4 13 0 0.0167 0.0140664 0.00263356 7 0 7 0.441627 0.0591666
1997 HAK4 14 0 0.0085 0.0120799 -0.00357994 7 0 7 0.231251 -0.0867024
1997 HAK4 15 0 0.0034 0.0100843 -0.0066843 7 0 7 0.0961261 -0.177004
1997 HAK4 16 0 0.0007 0.00791449 -0.00721449 7 0 7 0.0209027 -0.215411
1997 HAK4 17 0 0.0049 0.00604731 -0.00114731 7 0 7 0.156363 -0.0391531
1997 HAK4 18 0 0.0028 0.00458978 -0.00178978 7 0 7 0.0945245 -0.0700569
1997 HAK4 19 0 0.0121 0.0134284 -0.00132844 7 0 7 0.321869 -0.0305362
1998 HAK4 3 0 0.2036 0.0869212 0.116679 55 0 55 45.3416 3.07154
1998 HAK4 4 0 0.1767 0.128437 0.048263 55 0 55 34.3916 1.0698
1998 HAK4 5 0 0.1548 0.153024 0.00177621 55 0 55 27.7023 0.0365898
1998 HAK4 6 0 0.109 0.170286 -0.0612856 55 0 55 17.1827 -1.20917
1998 HAK4 7 0 0.1254 0.165541 -0.0401414 55 0 55 20.7227 -0.800974
1998 HAK4 8 0 0.0962 0.102414 -0.00621439 55 0 55 17.3483 -0.152006
1998 HAK4 9 0 0.0381 0.0561771 -0.0180771 55 0 55 6.81651 -0.582218
1998 HAK4 10 0 0.036 0.0365613 -0.000561322 55 0 55 7.22612 -0.0221804
1998 HAK4 11 0 0.0185 0.0245113 -0.00601127 55 0 55 3.78102 -0.288306
1998 HAK4 12 0 0.0115 0.017096 -0.00559598 55 0 55 2.46554 -0.320151
1998 HAK4 13 0 0.0063 0.0125588 -0.00625884 55 0 55 1.40191 -0.416817
1998 HAK4 14 0 0.0073 0.00972106 -0.00242106 55 0 55 1.74063 -0.183
1998 HAK4 15 0 0.0045 0.00820604 -0.00370604 55 0 55 1.09101 -0.304659
1998 HAK4 16 0 0.0038 0.00682788 -0.00302788 55 0 55 0.954305 -0.272687
1998 HAK4 17 0 0.0034 0.00537629 -0.00197629 55 0 55 0.895708 -0.200429
1998 HAK4 18 0 0.0007 0.00410927 -0.00340927 55 0 55 0.190513 -0.395234
1998 HAK4 19 0 0.0041 0.0122316 -0.00813156 55 0 55 0.900706 -0.548639
1999 HAK4 3 0 0.0756 0.0623992 0.0132008 30 0 30 7.24606 0.298926
1999 HAK4 4 0 0.1427 0.115048 0.0276518 30 0 30 12.8671 0.474661
1999 HAK4 5 0 0.1226 0.147117 -0.0245166 30 0 30 9.75384 -0.379093
1999 HAK4 6 0 0.1509 0.154859 -0.00395865 30 0 30 12.4453 -0.0599343
1999 HAK4 7 0 0.0957 0.152444 -0.0567438 30 0 30 7.03234 -0.86465
1999 HAK4 8 0 0.1168 0.134815 -0.0180149 30 0 30 9.48079 -0.288914
1999 HAK4 9 0 0.0806 0.0837171 -0.00311715 30 0 30 7.10903 -0.0616448
1999 HAK4 10 0 0.0671 0.0453627 0.0217373 30 0 30 6.93152 0.572134
1999 HAK4 11 0 0.0482 0.0284428 0.0197572 30 0 30 5.39499 0.650979
1999 HAK4 12 0 0.0246 0.0188759 0.00572408 30 0 30 2.84245 0.230383
1999 HAK4 13 0 0.0138 0.0129698 0.000830204 30 0 30 1.67851 0.0401896
1999 HAK4 14 0 0.0188 0.00946782 0.00933218 30 0 30 2.51159 0.527818
1999 HAK4 15 0 0.0048 0.00730412 -0.00250412 30 0 30 0.641226 -0.161073
1999 HAK4 16 0 0.0116 0.00607647 0.00552353 30 0 30 1.66095 0.389291
1999 HAK4 17 0 0.0064 0.00503507 0.00136493 30 0 30 0.932914 0.105624
1999 HAK4 18 0 0.0041 0.00397512 0.000124876 30 0 30 0.620664 0.01087
1999 HAK4 19 0 0.0159 0.0120917 0.00380826 30 0 30 1.98469 0.190847
2000 HAK4 3 0 0.0457 0.0668013 -0.0211013 31 0 31 4.06147 -0.470555
2000 HAK4 4 0 0.0861 0.0897518 -0.0036518 31 0 31 7.82657 -0.0711354
2000 HAK4 5 0 0.0885 0.139716 -0.0512164 31 0 31 6.87873 -0.822517
2000 HAK4 6 0 0.0925 0.15622 -0.0637204 31 0 31 6.95133 -0.977183
2000 HAK4 7 0 0.1439 0.145073 -0.00117307 31 0 31 12.5068 -0.0185458
2000 HAK4 8 0 0.1583 0.128758 0.0295422 31 0 31 14.6892 0.491097
2000 HAK4 9 0 0.1224 0.10589 0.0165097 31 0 31 11.3929 0.298743
2000 HAK4 10 0 0.0803 0.064664 0.015636 31 0 31 8.00626 0.35399
2000 HAK4 11 0 0.0704 0.0336236 0.0367764 31 0 31 8.27173 1.13594
2000 HAK4 12 0 0.0353 0.0197527 0.0155473 31 0 31 4.33722 0.622092
2000 HAK4 13 0 0.0176 0.0126994 0.00490059 31 0 31 2.26404 0.243676
2000 HAK4 14 0 0.0159 0.00857253 0.00732747 31 0 31 2.22479 0.442538
2000 HAK4 15 0 0.0125 0.00620216 0.00629784 31 0 31 1.85084 0.446635
2000 HAK4 16 0 0.0095 0.0047682 0.0047318 31 0 31 1.46711 0.382444
2000 HAK4 17 0 0.0083 0.00391715 0.00438285 31 0 31 1.32616 0.390666
2000 HAK4 18 0 0.002 0.00323015 -0.00123015 31 0 31 0.322867 -0.120706
2000 HAK4 19 0 0.0107 0.0103591 0.000340903 31 0 31 1.40286 0.0187462
2001 HAK4 3 0 0.014 0.0569479 -0.0429479 32 0 32 1.1624 -1.04836
2001 HAK4 4 0 0.0839 0.0941462 -0.0102462 32 0 32 7.7543 -0.198476
2001 HAK4 5 0 0.114 0.111872 0.00212804 32 0 32 10.6526 0.0381906
2001 HAK4 6 0 0.1084 0.148164 -0.0397636 32 0 32 9.03398 -0.633158
2001 HAK4 7 0 0.2003 0.147279 0.0530206 32 0 32 19.6361 0.84634
2001 HAK4 8 0 0.1574 0.126019 0.0313808 32 0 32 15.2832 0.534896
2001 HAK4 9 0 0.095 0.105856 -0.0108555 32 0 32 8.6691 -0.199602
2001 HAK4 10 0 0.0726 0.0830048 -0.0104048 32 0 32 6.79331 -0.21334
2001 HAK4 11 0 0.0573 0.0503986 0.00690137 32 0 32 6.0236 0.178456
2001 HAK4 12 0 0.0322 0.0258912 0.00630882 32 0 32 3.77808 0.224721
2001 HAK4 13 0 0.0146 0.0146586 -5.8638e-05 32 0 32 1.85139 -0.00276003
2001 HAK4 14 0 0.0103 0.00925963 0.00104037 32 0 32 1.43053 0.061445
2001 HAK4 15 0 0.0115 0.00621188 0.00528812 32 0 32 1.7528 0.380731
2001 HAK4 16 0 0.0064 0.0044641 0.0019359 32 0 32 1.02157 0.164271
2001 HAK4 17 0 0.0056 0.00341921 0.00218079 32 0 32 0.938474 0.211334
2001 HAK4 18 0 0.0063 0.00277817 0.00352183 32 0 32 1.10078 0.378502
2001 HAK4 19 0 0.0102 0.00962998 0.000570023 32 0 32 1.40318 0.0330184
2002 HAK4 3 0 0.0641 0.0944968 -0.0303968 23 0 23 3.74493 -0.498354
2002 HAK4 4 0 0.1068 0.0798762 0.0269238 23 0 23 7.3612 0.476286
2002 HAK4 5 0 0.0903 0.111091 -0.0207911 23 0 23 5.32906 -0.317302
2002 HAK4 6 0 0.0942 0.117681 -0.023481 23 0 23 5.48829 -0.349473
2002 HAK4 7 0 0.1319 0.133894 -0.00199395 23 0 23 7.93413 -0.028081
2002 HAK4 8 0 0.13 0.123555 0.00644455 23 0 23 8.0315 0.0939212
2002 HAK4 9 0 0.1041 0.1017 0.00239956 23 0 23 6.55895 0.0380735
2002 HAK4 10 0 0.0972 0.0821448 0.0150552 23 0 23 6.50857 0.262949
2002 HAK4 11 0 0.0659 0.0620197 0.0038803 23 0 23 4.50989 0.0771556
2002 HAK4 12 0 0.0555 0.0376675 0.0178325 23 0 23 4.32583 0.449192
2002 HAK4 13 0 0.017 0.0194511 -0.0024511 23 0 23 1.42146 -0.0851175
2002 HAK4 14 0 0.0186 0.0107791 0.00782088 23 0 23 1.81707 0.36323
2002 HAK4 15 0 0.0121 0.00671647 0.00538353 23 0 23 1.28815 0.3161
2002 HAK4 16 0 0.0015 0.00448596 -0.00298596 23 0 23 0.167584 -0.214287
2002 HAK4 17 0 0.0016 0.00320455 -0.00160455 23 0 23 0.191202 -0.136154
2002 HAK4 18 0 0.0003 0.00244365 -0.00214365 23 0 23 0.0375546 -0.208224
2002 HAK4 19 0 0.009 0.00879221 0.000207793 23 0 23 0.892549 0.0106749
2003 HAK4 3 0 0.0615 0.0695161 -0.00801608 14 0 14 2.24325 -0.117931
2003 HAK4 4 0 0.2039 0.124324 0.0795762 14 0 14 7.56362 0.902398
2003 HAK4 5 0 0.1448 0.097301 0.047499 14 0 14 5.44166 0.599679
2003 HAK4 6 0 0.1786 0.114495 0.0641047 14 0 14 6.62034 0.753294
2003 HAK4 7 0 0.1252 0.110328 0.014872 14 0 14 4.3412 0.177613
2003 HAK4 8 0 0.1017 0.113541 -0.0118413 14 0 14 3.33015 -0.139655
2003 HAK4 9 0 0.0479 0.102181 -0.0542807 14 0 14 1.42805 -0.670549
2003 HAK4 10 0 0.0395 0.0825775 -0.0430775 14 0 14 1.26164 -0.585598
2003 HAK4 11 0 0.0182 0.065001 -0.046801 14 0 14 0.597108 -0.710319
2003 HAK4 12 0 0.0174 0.0479683 -0.0305683 14 0 14 0.643074 -0.53522
2003 HAK4 13 0 0.0164 0.029387 -0.012987 14 0 14 0.716465 -0.287722
2003 HAK4 14 0 0.0131 0.0154363 -0.00233626 14 0 14 0.684568 -0.0709076
2003 HAK4 15 0 0.0224 0.00845306 0.0139469 14 0 14 1.38651 0.570006
2003 HAK4 16 0 0.0001 0.00519188 -0.00509188 14 0 14 0.00655843 -0.2651
2003 HAK4 17 0 0.0024 0.00344574 -0.00104574 14 0 14 0.172052 -0.0667724
2003 HAK4 18 0 0.0036 0.00244243 0.00115757 14 0 14 0.276092 0.0877466
2003 HAK4 19 0 0.0032 0.00841056 -0.00521056 14 0 14 0.189823 -0.213486
2004 HAK4 3 0 0.0315 0.104883 -0.073383 15 0 15 0.944016 -0.927574
2004 HAK4 4 0 0.0391 0.0919061 -0.0528061 15 0 15 1.28575 -0.707933
2004 HAK4 5 0 0.0515 0.135879 -0.0843794 15 0 15 1.46326 -0.953714
2004 HAK4 6 0 0.0571 0.100499 -0.0433987 15 0 15 1.91408 -0.559038
2004 HAK4 7 0 0.1597 0.100426 0.0592743 15 0 15 6.59318 0.763784
2004 HAK4 8 0 0.1345 0.0918738 0.0426262 15 0 15 5.52581 0.571548
2004 HAK4 9 0 0.1522 0.089906 0.062294 15 0 15 6.46928 0.84344
2004 HAK4 10 0 0.1204 0.0798867 0.0405133 15 0 15 5.08578 0.578742
2004 HAK4 11 0 0.0725 0.0638774 0.00862261 15 0 15 3.0309 0.136567
2004 HAK4 12 0 0.0565 0.0494726 0.00702735 15 0 15 2.49114 0.125508
2004 HAK4 13 0 0.0463 0.0360215 0.0102785 15 0 15 2.21132 0.213628
2004 HAK4 14 0 0.0284 0.0223249 0.00607507 15 0 15 1.49881 0.159259
2004 HAK4 15 0 0.0128 0.011971 0.000828979 15 0 15 0.76663 0.0295215
2004 HAK4 16 0 0.01 0.00651498 0.00348502 15 0 15 0.685742 0.16777
2004 HAK4 17 0 0.0103 0.00394499 0.00635501 15 0 15 0.784318 0.392642
2004 HAK4 18 0 0.0002 0.00259779 -0.00239779 15 0 15 0.016135 -0.18244
2004 HAK4 19 0 0.0171 0.00801518 0.00908482 15 0 15 1.13825 0.394596
2005 HAK4 3 0 0.0214 0.260226 -0.238826 17 0 17 0.373038 -2.2443
2005 HAK4 4 0 0.0754 0.116738 -0.041338 17 0 17 2.89644 -0.53079
2005 HAK4 5 0 0.0595 0.0914289 -0.0319289 17 0 17 2.42461 -0.456759
2005 HAK4 6 0 0.2281 0.111262 0.116838 17 0 17 11.5104 1.53196
2005 HAK4 7 0 0.2038 0.0776366 0.126163 17 0 17 11.2593 1.9439
2005 HAK4 8 0 0.1148 0.0672606 0.0475394 17 0 17 5.91667 0.78256
2005 HAK4 9 0 0.0857 0.0592939 0.0264061 17 0 17 4.37094 0.460995
2005 HAK4 10 0 0.0869 0.054644 0.032256 17 0 17 4.56324 0.585149
2005 HAK4 11 0 0.0503 0.0468484 0.00345157 17 0 17 2.56305 0.0673461
2005 HAK4 12 0 0.0301 0.0364632 -0.0063632 17 0 17 1.57418 -0.139971
2005 HAK4 13 0 0.0134 0.0275601 -0.0141601 17 0 17 0.725193 -0.35663
2005 HAK4 14 0 0.0149 0.019781 -0.00488097 17 0 17 0.894689 -0.144526
2005 HAK4 15 0 0.0001 0.0123829 -0.0122829 17 0 17 0.00648656 -0.457952
2005 HAK4 16 0 0.0007 0.00677834 -0.00607834 17 0 17 0.0526758 -0.305439
2005 HAK4 17 0 0.0001 0.00368567 -0.00358567 17 0 17 0.00854672 -0.243971
2005 HAK4 18 0 0.0128 0.00220277 0.0105972 17 0 17 1.24102 0.931989
2005 HAK4 19 0 0.0019 0.00580737 -0.00390737 17 0 17 0.148501 -0.212023
2006 HAK4 3 0 0.1661 0.160715 0.00538537 8 0 8 2.60091 0.0414742
2006 HAK4 4 0 0.2186 0.299038 -0.0804376 8 0 8 2.58536 -0.496929
2006 HAK4 5 0 0.1687 0.125635 0.0430645 8 0 8 2.98418 0.367504
2006 HAK4 6 0 0.0753 0.0813674 -0.0060674 8 0 8 1.399 -0.0627699
2006 HAK4 7 0 0.1089 0.0798644 0.0290356 8 0 8 2.15294 0.302952
2006 HAK4 8 0 0.1103 0.0537012 0.0565988 8 0 8 2.53527 0.710143
2006 HAK4 9 0 0.0325 0.0421705 -0.00967052 8 0 8 0.722682 -0.136096
2006 HAK4 10 0 0.0358 0.035944 -0.000143998 8 0 8 0.846739 -0.00218795
2006 HAK4 11 0 0.0158 0.0314748 -0.0156748 8 0 8 0.376597 -0.253927
2006 HAK4 12 0 0.0214 0.0262828 -0.00488285 8 0 8 0.546451 -0.0863307
2006 HAK4 13 0 0.0326 0.0202411 0.0123589 8 0 8 0.916471 0.248226
2006 HAK4 14 0 0.0042 0.0151747 -0.0109747 8 0 8 0.12224 -0.253921
2006 HAK4 15 0 0.003 0.0108578 -0.00785779 8 0 8 0.095164 -0.21446
2006 HAK4 16 0 0.0024 0.00689525 -0.00449525 8 0 8 0.0847748 -0.153648
2006 HAK4 17 0 0.0023 0.00387078 -0.00157078 8 0 8 0.0918543 -0.0715489
2006 HAK4 18 0 0.0005 0.00212558 -0.00162558 8 0 8 0.0223191 -0.0998338
2006 HAK4 19 0 0.0016 0.00464193 -0.00304193 8 0 8 0.0615152 -0.126577
2008 HAK4 3 0 0.0262 0.0536742 -0.0274742 19 0 19 1.33512 -0.531372
2008 HAK4 4 0 0.1633 0.148695 0.0146054 19 0 19 7.83556 0.178937
2008 HAK4 5 0 0.239 0.201473 0.0375271 19 0 19 11.2992 0.407821
2008 HAK4 6 0 0.225 0.25742 -0.0324201 19 0 19 9.40181 -0.32322
2008 HAK4 7 0 0.1453 0.114336 0.0309643 19 0 19 7.48639 0.424144
2008 HAK4 8 0 0.0861 0.0544869 0.0316131 19 0 19 5.14481 0.607105
2008 HAK4 9 0 0.046 0.0426274 0.00337256 19 0 19 2.70968 0.0727697
2008 HAK4 10 0 0.0186 0.0297247 -0.0111247 19 0 19 1.12685 -0.285535
2008 HAK4 11 0 0.0125 0.0217039 -0.00920388 19 0 19 0.814353 -0.275324
2008 HAK4 12 0 0.0091 0.017959 -0.008859 19 0 19 0.617929 -0.290774
2008 HAK4 13 0 0.0085 0.0151733 -0.00667327 19 0 19 0.603105 -0.237956
2008 HAK4 14 0 0.0083 0.0124859 -0.00418592 19 0 19 0.619229 -0.164318
2008 HAK4 15 0 0.0049 0.00963659 -0.00473659 19 0 19 0.385273 -0.211341
2008 HAK4 16 0 0.0026 0.0071555 -0.0045555 19 0 19 0.217476 -0.235588
2008 HAK4 17 0 0.0008 0.00506908 -0.00426908 19 0 19 0.0717408 -0.262029
2008 HAK4 18 0 0.0018 0.00326749 -0.00146749 19 0 19 0.176957 -0.112087
2008 HAK4 19 0 0.002 0.00511276 -0.00311276 19 0 19 0.179721 -0.190243
2009 HAK4 3 0 0.0093 0.0847442 -0.0754442 12 0 12 0.22075 -0.938405
2009 HAK4 4 0 0.0663 0.0724657 -0.00616571 12 0 12 2.01583 -0.082384
2009 HAK4 5 0 0.1699 0.162099 0.00780122 12 0 12 4.43894 0.0733275
2009 HAK4 6 0 0.2166 0.198188 0.0184116 12 0 12 5.51892 0.159995
2009 HAK4 7 0 0.276 0.21584 0.0601603 12 0 12 7.27512 0.506562
2009 HAK4 8 0 0.0985 0.100501 -0.00200122 12 0 12 2.80299 -0.0230568
2009 HAK4 9 0 0.0722 0.0437838 0.0284162 12 0 12 2.65996 0.481085
2009 HAK4 10 0 0.0289 0.0317482 -0.00284817 12 0 12 1.08156 -0.0562734
2009 HAK4 11 0 0.0225 0.0221145 0.000385456 12 0 12 0.926527 0.00907994
2009 HAK4 12 0 0.0113 0.0156821 -0.00438214 12 0 12 0.499386 -0.122182
2009 HAK4 13 0 0.0057 0.0126787 -0.00697866 12 0 12 0.263004 -0.216071
2009 HAK4 14 0 0.0096 0.0105712 -0.000971223 12 0 12 0.467967 -0.0328969
2009 HAK4 15 0 0.0001 0.0086407 -0.0085407 12 0 12 0.00501005 -0.319664
2009 HAK4 16 0 0.0065 0.00667525 -0.000175247 12 0 12 0.35053 -0.00745523
2009 HAK4 17 0 0.0027 0.00494174 -0.00224174 12 0 12 0.154193 -0.110742
2009 HAK4 18 0 0.0001 0.00348891 -0.00338891 12 0 12 0.00609832 -0.199097
2009 HAK4 19 0 0.0038 0.00583689 -0.00203689 12 0 12 0.209899 -0.0926271
2010 HAK4 3 0 0.0458 0.0785843 -0.0327843 12 0 12 1.28011 -0.422047
2010 HAK4 4 0 0.1024 0.111032 -0.00863182 12 0 12 2.81369 -0.0951757
2010 HAK4 5 0 0.1382 0.0897493 0.0484507 12 0 12 4.40003 0.587212
2010 HAK4 6 0 0.1379 0.160491 -0.0225907 12 0 12 3.42675 -0.213198
2010 HAK4 7 0 0.1898 0.177892 0.0119076 12 0 12 4.89646 0.107863
2010 HAK4 8 0 0.181 0.17159 0.00940993 12 0 12 4.68605 0.0864586
2010 HAK4 9 0 0.089 0.0847378 0.00426223 12 0 12 2.66625 0.0530171
2010 HAK4 10 0 0.0316 0.0355352 -0.00393521 12 0 12 1.14737 -0.0736353
2010 HAK4 11 0 0.022 0.0239348 -0.00193483 12 0 12 0.88402 -0.0438509
2010 HAK4 12 0 0.008 0.0165983 -0.00859831 12 0 12 0.345286 -0.233134
2010 HAK4 13 0 0.0192 0.01162 0.00758001 12 0 12 0.932857 0.245017
2010 HAK4 14 0 0.0087 0.00922688 -0.000526884 12 0 12 0.437457 -0.0190893
2010 HAK4 15 0 0.0096 0.00763326 0.00196674 12 0 12 0.505479 0.0782791
2010 HAK4 16 0 0.0084 0.0062124 0.0021876 12 0 12 0.461975 0.0964454
2010 HAK4 17 0 0.0021 0.00481019 -0.00271019 12 0 12 0.120463 -0.135693
2010 HAK4 18 0 0.0037 0.00356033 0.000139675 12 0 12 0.226282 0.00812339
2010 HAK4 19 0 0.0026 0.00679229 -0.00419229 12 0 12 0.138529 -0.176813
2011 HAK4 3 0 0.0559 0.0700496 -0.0141496 9 0 9 1.21685 -0.166316
2011 HAK4 4 0 0.1454 0.102434 0.0429662 9 0 9 3.14107 0.425103
2011 HAK4 5 0 0.1752 0.12382 0.0513797 9 0 9 3.63393 0.467972
2011 HAK4 6 0 0.1189 0.0964288 0.0224712 9 0 9 2.53411 0.228383
2011 HAK4 7 0 0.1416 0.141677 -7.7175e-05 9 0 9 2.62944 -0.00066393
2011 HAK4 8 0 0.0917 0.151397 -0.0596972 9 0 9 1.4944 -0.499648
2011 HAK4 9 0 0.1008 0.138015 -0.037215 9 0 9 1.76021 -0.323688
2011 HAK4 10 0 0.0425 0.0725761 -0.0300761 9 0 9 0.884962 -0.347782
2011 HAK4 11 0 0.0139 0.0306473 -0.0167473 9 0 9 0.375938 -0.291494
2011 HAK4 12 0 0.02 0.0195161 0.000483882 9 0 9 0.629235 0.0104941
2011 HAK4 13 0 0.0335 0.0135399 0.0199601 9 0 9 1.18866 0.518129
2011 HAK4 14 0 0.0033 0.00948262 -0.00618262 9 0 9 0.121923 -0.191381
2011 HAK4 15 0 0.0177 0.00741141 0.0102886 9 0 9 0.708781 0.359867
2011 HAK4 16 0 0.0189 0.00607625 0.0128238 9 0 9 0.791924 0.495042
2011 HAK4 17 0 0.0062 0.00491618 0.00128382 9 0 9 0.266875 0.0550656
2011 HAK4 18 0 0.0068 0.00380479 0.00299521 9 0 9 0.308642 0.145952
2011 HAK4 19 0 0.0078 0.00820748 -0.000407483 9 0 9 0.30055 -0.0135492
*end

*observation[chatOBSest]
observation_type: process_removals_by_age
likelihood: multinomial
error_value_multiplier: 1
likelihood_multiplier: 1
categories: HAK4
Values {dataframe}
year category age length observed expected residual error_value process_error adjusted_error neglogLike pearsons_residuals
1992 HAK4 4 0 0.028 0.0211418 0.0068582 19 0 19 1.93252 0.207805
1992 HAK4 5 0 0.0241 0.0268833 -0.00278331 19 0 19 1.5344 -0.0750092
1992 HAK4 6 0 0.0979 0.044938 0.052962 19 0 19 6.33889 1.11434
1992 HAK4 7 0 0.057 0.0551058 0.00189423 19 0 19 3.17635 0.0361842
1992 HAK4 8 0 0.1119 0.0783304 0.0335696 19 0 19 6.22739 0.54459
1992 HAK4 9 0 0.0708 0.106356 -0.035556 19 0 19 3.1964 -0.50272
1992 HAK4 10 0 0.1301 0.114287 0.0158131 19 0 19 6.53176 0.216645
1992 HAK4 11 0 0.0906 0.106729 -0.0161286 19 0 19 4.30355 -0.227688
1992 HAK4 12 0 0.1035 0.092089 0.011411 19 0 19 5.35256 0.172018
1992 HAK4 13 0 0.096 0.0751792 0.0208208 19 0 19 5.25729 0.344189
1992 HAK4 14 0 0.0431 0.0598387 -0.0167387 19 0 19 2.24054 -0.307614
1992 HAK4 15 0 0.0715 0.0473227 0.0241773 19 0 19 4.33467 0.496336
1992 HAK4 16 0 0.0245 0.0371366 -0.0126366 19 0 19 1.41148 -0.291288
1992 HAK4 17 0 0.0334 0.0285951 0.00480485 19 0 19 2.14798 0.125664
1992 HAK4 18 0 0.0095 0.0215814 -0.0120814 19 0 19 0.612889 -0.362403
1992 HAK4 19 0 0.0076 0.0163523 -0.0087523 19 0 19 0.526672 -0.300808
1992 HAK4 20 0 0.0003 0.0127404 -0.0124404 19 0 19 0.0216055 -0.483508
1992 HAK4 21 0 0.0003 0.0553937 -0.0550937 19 0 19 0.0132283 -1.04984
1995 HAK4 4 0 0.0973 0.0517291 0.0455709 18 0 18 5.66355 0.872953
1995 HAK4 5 0 0.0744 0.0545277 0.0198723 18 0 18 4.07392 0.371323
1995 HAK4 6 0 0.0468 0.0571146 -0.0103146 18 0 18 2.35319 -0.188576
1995 HAK4 7 0 0.1406 0.0722837 0.0683163 18 0 18 7.88392 1.11926
1995 HAK4 8 0 0.0826 0.0757509 0.00684907 18 0 18 4.11184 0.109819
1995 HAK4 9 0 0.0199 0.0852983 -0.0653983 18 0 18 0.765606 -0.993328
1995 HAK4 10 0 0.0596 0.0830969 -0.0234969 18 0 18 2.70132 -0.361155
1995 HAK4 11 0 0.0579 0.082621 -0.024721 18 0 18 2.61713 -0.380963
1995 HAK4 12 0 0.1469 0.0825927 0.0643073 18 0 18 7.95763 0.991161
1995 HAK4 13 0 0.0672 0.0730198 -0.00581979 18 0 18 3.26775 -0.0949047
1995 HAK4 14 0 0.1135 0.0590517 0.0544483 18 0 18 6.51353 0.979989
1995 HAK4 15 0 0.0335 0.0468718 -0.0133718 18 0 18 1.73317 -0.268408
1995 HAK4 16 0 0.01 0.0371544 -0.0271544 18 0 18 0.513343 -0.609107
1995 HAK4 17 0 0.018 0.029436 -0.011436 18 0 18 1.03036 -0.287051
1995 HAK4 18 0 0.0252 0.0232823 0.00191774 18 0 18 1.58411 0.0539545
1995 HAK4 19 0 0.0011 0.0182895 -0.0171895 18 0 18 0.0681187 -0.544261
1995 HAK4 20 0 0.0054 0.0141695 -0.00876949 18 0 18 0.365067 -0.314798
1995 HAK4 21 0 0.0001 0.05371 -0.05361 18 0 18 0.00422716 -1.00889
1997 HAK4 4 0 0.129 0.040444 0.088556 15 0 15 6.84117 1.74101
1997 HAK4 5 0 0.1608 0.0749564 0.0858436 15 0 15 7.35431 1.26261
1997 HAK4 6 0 0.1319 0.11884 0.0130603 15 0 15 4.88756 0.156312
1997 HAK4 7 0 0.075 0.109347 -0.0343466 15 0 15 2.54765 -0.426258
1997 HAK4 8 0 0.151 0.0944712 0.0565288 15 0 15 6.29528 0.748539
1997 HAK4 9 0 0.0469 0.091228 -0.044328 15 0 15 1.58938 -0.596255
1997 HAK4 10 0 0.0342 0.0791209 -0.0449209 15 0 15 1.18114 -0.644536
1997 HAK4 11 0 0.0383 0.0685868 -0.0302868 15 0 15 1.42394 -0.464095
1997 HAK4 12 0 0.0366 0.0563165 -0.0197165 15 0 15 1.46146 -0.331242
1997 HAK4 13 0 0.0481 0.046781 0.00131895 15 0 15 2.11829 0.0241904
1997 HAK4 14 0 0.0563 0.0417446 0.0145554 15 0 15 2.62461 0.281856
1997 HAK4 15 0 0.0036 0.036003 -0.032403 15 0 15 0.150672 -0.673633
1997 HAK4 16 0 0.0048 0.02932 -0.02452 15 0 15 0.216684 -0.562919
1997 HAK4 17 0 0.0207 0.0233764 -0.00267635 15 0 15 1.05636 -0.068602
1997 HAK4 18 0 0.0001 0.0185961 -0.0184961 15 0 15 0.00511323 -0.530262
1997 HAK4 19 0 0.0442 0.0147847 0.0294153 15 0 15 2.69101 0.943947
1997 HAK4 20 0 0.0005 0.0117288 -0.0112288 15 0 15 0.0290598 -0.403937
1997 HAK4 21 0 0.018 0.0443553 -0.0263553 15 0 15 0.738608 -0.495785
1998 HAK4 4 0 0.0346 0.0365119 -0.00191193 23 0 23 2.56192 -0.0488871
1998 HAK4 5 0 0.0816 0.0629681 0.0186319 23 0 23 5.7721 0.367861
1998 HAK4 6 0 0.0895 0.104732 -0.0152318 23 0 23 5.3925 -0.238561
1998 HAK4 7 0 0.1034 0.145963 -0.0425635 23 0 23 5.6457 -0.57815
1998 HAK4 8 0 0.1289 0.125911 0.00298883 23 0 23 7.89098 0.0432072
1998 HAK4 9 0 0.078 0.097962 -0.019962 23 0 23 4.67944 -0.322053
1998 HAK4 10 0 0.0824 0.0833085 -0.000908515 23 0 23 5.3086 -0.0157667
1998 HAK4 11 0 0.0659 0.0661143 -0.000214276 23 0 23 4.41299 -0.00413565
1998 HAK4 12 0 0.0782 0.0517494 0.0264506 23 0 23 5.8418 0.572644
1998 HAK4 13 0 0.0415 0.0403113 0.00118867 23 0 23 3.04645 0.0289832
1998 HAK4 14 0 0.0505 0.0325208 0.0179792 23 0 23 4.05557 0.486107
1998 HAK4 15 0 0.0163 0.0284829 -0.0121829 23 0 23 1.21632 -0.351235
1998 HAK4 16 0 0.0315 0.0245711 0.00692895 23 0 23 2.59467 0.214645
1998 HAK4 17 0 0.036 0.0201514 0.0158486 23 0 23 3.17009 0.540906
1998 HAK4 18 0 0.0224 0.0161367 0.00626327 23 0 23 2.00593 0.238391
1998 HAK4 19 0 0.0136 0.0128734 0.000726574 23 0 23 1.25124 0.0309108
1998 HAK4 20 0 0.0291 0.0102624 0.0188376 23 0 23 2.96307 0.896406
1998 HAK4 21 0 0.0168 0.0394691 -0.0226691 23 0 23 1.13025 -0.55836
2001 HAK4 4 0 0.0212 0.0213774 -0.000177384 53 0 53 4.37778 -0.00892826
2001 HAK4 5 0 0.0348 0.0375135 -0.00271346 53 0 53 6.60971 -0.103961
2001 HAK4 6 0 0.0389 0.0730969 -0.0341969 53 0 53 6.14417 -0.956441
2001 HAK4 7 0 0.121 0.107649 0.0133514 53 0 53 21.6594 0.313612
2001 HAK4 8 0 0.1385 0.13491 0.00358993 53 0 53 23.9232 0.0765018
2001 HAK4 9 0 0.1401 0.156014 -0.0159142 53 0 53 23.189 -0.31928
2001 HAK4 10 0 0.1279 0.151631 -0.0237313 53 0 53 20.8691 -0.481695
2001 HAK4 11 0 0.1272 0.106027 0.0211729 53 0 53 23.1374 0.500664
2001 HAK4 12 0 0.0762 0.0610852 0.0151148 53 0 53 14.5262 0.459473
2001 HAK4 13 0 0.0457 0.0372249 0.00847511 53 0 53 9.08664 0.325915
2001 HAK4 14 0 0.0308 0.0245255 0.00627449 53 0 53 6.435 0.295324
2001 HAK4 15 0 0.0298 0.0170895 0.0127105 53 0 53 6.76908 0.71397
2001 HAK4 16 0 0.0165 0.0128138 0.0036862 53 0 53 3.76256 0.238604
2001 HAK4 17 0 0.0159 0.0103052 0.00559481 53 0 53 3.79719 0.403315
2001 HAK4 18 0 0.0099 0.00880975 0.00109025 53 0 53 2.36323 0.0849381
2001 HAK4 19 0 0.0088 0.00759102 0.00120898 53 0 53 2.15492 0.101406
2001 HAK4 20 0 0.0035 0.00633777 -0.00283777 53 0 53 0.857809 -0.260332
2001 HAK4 21 0 0.0133 0.0259984 -0.0126984 53 0 53 2.47791 -0.580943
2004 HAK4 4 0 0.0065 0.01949 -0.01299 43 0 43 0.996164 -0.616185
2004 HAK4 5 0 0.0115 0.039965 -0.028465 43 0 43 1.4712 -0.952933
2004 HAK4 6 0 0.0156 0.0445502 -0.0289502 43 0 43 1.9854 -0.920146
2004 HAK4 7 0 0.0772 0.0680511 0.00914894 43 0 43 11.1287 0.238227
2004 HAK4 8 0 0.0858 0.0926133 -0.00681332 43 0 43 11.4995 -0.15412
2004 HAK4 9 0 0.148 0.124376 0.0236245 43 0 43 20.5364 0.469429
2004 HAK4 10 0 0.1419 0.137371 0.00452905 43 0 43 18.8828 0.0862744
2004 HAK4 11 0 0.1247 0.12892 -0.00421973 43 0 43 16.4015 -0.0825715
2004 HAK4 12 0 0.1171 0.110333 0.00676657 43 0 43 15.9469 0.141623
2004 HAK4 13 0 0.1057 0.0844898 0.0212102 43 0 43 15.2622 0.500088
2004 HAK4 14 0 0.0379 0.0538887 -0.0159887 43 0 43 5.14001 -0.46433
2004 HAK4 15 0 0.0322 0.02979 0.00241001 43 0 43 5.07177 0.0929576
2004 HAK4 16 0 0.0337 0.0168833 0.0168167 43 0 43 6.16393 0.855938
2004 HAK4 17 0 0.0157 0.0107094 0.00499061 43 0 43 2.96193 0.317939
2004 HAK4 18 0 0.0085 0.0074268 0.0010732 43 0 43 1.67504 0.0819659
2004 HAK4 19 0 0.0098 0.00553993 0.00426007 43 0 43 2.06881 0.376361
2004 HAK4 20 0 0.0055 0.00443711 0.00106289 43 0 43 1.18621 0.104867
2004 HAK4 21 0 0.0228 0.0211658 0.00163421 43 0 43 3.77164 0.0744509
2007 HAK4 4 0 0.0277 0.0627085 -0.0350085 42 0 42 3.29917 -0.935831
2007 HAK4 5 0 0.0732 0.128728 -0.0555278 42 0 42 8.18868 -1.07454
2007 HAK4 6 0 0.1025 0.0770879 0.0254121 42 0 42 14.6804 0.617437
2007 HAK4 7 0 0.1159 0.0697828 0.0461172 42 0 42 17.5234 1.17306
2007 HAK4 8 0 0.0942 0.0876277 0.00657232 42 0 42 12.7451 0.150639
2007 HAK4 9 0 0.1308 0.0815042 0.0492958 42 0 42 19.4241 1.16763
2007 HAK4 10 0 0.0977 0.0816285 0.0160715 42 0 42 13.6163 0.380409
2007 HAK4 11 0 0.1001 0.0813464 0.0187536 42 0 42 14.0387 0.444595
2007 HAK4 12 0 0.0701 0.0773592 -0.00725919 42 0 42 9.25719 -0.176092
2007 HAK4 13 0 0.0463 0.0674298 -0.0211298 42 0 42 5.88658 -0.546076
2007 HAK4 14 0 0.0455 0.0537798 -0.00827981 42 0 42 6.19818 -0.23787
2007 HAK4 15 0 0.0439 0.0414322 0.00246779 42 0 42 6.42403 0.0802514
2007 HAK4 16 0 0.0103 0.0304224 -0.0201224 42 0 42 1.38981 -0.759305
2007 HAK4 17 0 0.0246 0.0200928 0.00450716 42 0 42 4.05151 0.208168
2007 HAK4 18 0 0.0119 0.0119179 -1.7855e-05 42 0 42 2.09318 -0.00106632
2007 HAK4 19 0 0.003 0.00691831 -0.00391831 42 0 42 0.566261 -0.306359
2007 HAK4 20 0 0.0001 0.00433353 -0.00423353 42 0 42 0.0204439 -0.417686
2007 HAK4 21 0 0.0021 0.0159003 -0.0138003 42 0 42 0.320501 -0.714976
*end

*process[Recruitment]
age: 1
b0: 28026.4
b0_initialisation_phase: 
categories: HAK4
label: Recruitment
proportions: 1
r0: 2.78622e+06
ssb: SSB
ssb_offset: 1
standardise_ycs_years: 
standardise_years: 1976 1977 1978 1979 1980 1981 1982 1983 1984 1985 1986 1987 1988 1989 1990 1991 1992 1993 1994 1995 1996 1997 1998 1999 2000 2001 2002 2003 2004 2005 2006 2007 2008 2009 2010
steepness: 0.9
type: recruitment_beverton_holt
ycs_values: 
ycs_years: 
model_year: 1975 1976 1977 1978 1979 1980 1981 1982 1983 1984 1985 1986 1987 1988 1989 1990 1991 1992 1993 1994 1995 1996 1997 1998 1999 2000 2001 2002 2003 2004 2005 2006 2007 2008 2009 2010 2011 2012 
spawn_event_year: 1974 1975 1976 1977 1978 1979 1980 1981 1982 1983 1984 1985 1986 1987 1988 1989 1990 1991 1992 1993 1994 1995 1996 1997 1998 1999 2000 2001 2002 2003 2004 2005 2006 2007 2008 2009 2010 2011 
standardised_recruitment_multipliers: 1 1.28791 1.28832 1.30068 1.32137 1.34608 1.3666 1.37292 1.36901 1.36358 0.933999 0.813713 1.00428 0.740515 1.04082 0.900764 1.37801 2.02729 1.50954 1.2991 1.17332 0.962407 0.622605 0.593933 0.423004 0.654809 0.40838 0.629067 1.7737 0.991157 0.847901 0.342578 0.605394 0.48342 0.406675 0.417163 0.498207 0.505574 
recruitment_multipliers: 1 0.988242 0.988557 0.998042 1.01392 1.03288 1.04862 1.05347 1.05047 1.04631 0.71668 0.624382 0.77061 0.568215 0.798647 0.691178 1.05738 1.55559 1.15831 0.99683 0.900317 0.738479 0.47774 0.45574 0.324581 0.502451 0.31336 0.482698 1.361 0.760539 0.650616 0.262869 0.464534 0.37094 0.312052 0.320099 0.498207 0.505574 
true_ycs: 1 1.2878 1.28785 1.29919 1.31923 1.34388 1.3642 1.37053 1.36702 1.36254 0.934077 0.814376 1.00579 0.742077 1.0434 0.902988 1.38072 2.02955 1.50911 1.29566 1.1664 0.953459 0.615173 0.586076 0.417437 0.645022 0.400615 0.614508 1.72585 0.961776 0.817743 0.325727 0.570555 0.458382 0.387997 0.399451 0.478369 0.486628 
recruits: 2.78622e+06 3.58811e+06 3.58823e+06 3.61984e+06 3.67566e+06 3.74436e+06 3.80097e+06 3.81861e+06 3.80881e+06 3.79634e+06 2.60255e+06 2.26903e+06 2.80235e+06 2.06759e+06 2.90715e+06 2.51593e+06 3.84698e+06 5.65477e+06 4.20471e+06 3.61e+06 3.24986e+06 2.65655e+06 1.71401e+06 1.63294e+06 1.16307e+06 1.79718e+06 1.1162e+06 1.71216e+06 4.80859e+06 2.67972e+06 2.27842e+06 907548 1.58969e+06 1.27715e+06 1.08105e+06 1.11296e+06 1.33284e+06 1.35586e+06 
recruit_event_SSB: 28026.4 27946.6 27663.4 26917.1 26475.6 26467.7 26357.7 26373.8 26630.3 27275.7 28111.3 28873.1 29622.4 30325.1 30766.1 30752.9 30153.9 29194.6 27741.3 25582 23096.7 20948.8 19531.4 18902.8 18935.3 18125.4 16507.2 15125.6 14026.2 13347.5 12040.5 9791 8763.07 9447.85 10254.5 10794.8 11242.5 11670.1 
ssb_offset: 1
*end

*process[Ageing]
categories: HAK4
label: Ageing
type: ageing
*end

*process[Instantaneous_Mortality]
biomass: 1
categories: HAK4
label: Instantaneous_Mortality
m: 0.2
relative_m_by_age: One
time_step_proportions: 0.41999999999999998 0.25 0.33000000000000002
type: mortality_instantaneous
year: 1975 1976 1977 1978 1979 1980 1981 1982 1983 1984 1985 1986 1987 1988 1989 1990 1991 1992 1993 1994 1995 1996 1997 1998 1999 2000 2001 2002 2003 2004 2005 2006 2007 2008 2009 2010 2011 2012 
exploitation_rate[FishingEest]: 0.0050141 0.0152703 0.0560407 0.00028947 0.0242454 0.0130331 0.00405098 0.00997061 0.00719836 0.00569406 0.0143879 0.00360219 0.00533091 0.00807829 0.0176126 0.0290484 0.0215565 0.0476247 0.0928945 0.149673 0.169674 0.164172 0.133413 0.0862447 0.253981 0.180384 0.152426 0.101432 0.070058 0.197916 0.168099 0.0394234 0.101148 0.130867 0.116989 0.0221816 0.0146698 0.0176822 
fishing_pressure[FishingEest]: 0.00738827 0.019762 0.0582398 0.0011614 0.0273168 0.027485 0.0315108 0.021451 0.0115658 0.0118802 0.0205575 0.0110555 0.0154145 0.0181099 0.0277769 0.0373584 0.03315 0.0686412 0.112744 0.161285 0.189078 0.208876 0.18369 0.136483 0.295971 0.227548 0.208099 0.124947 0.0978178 0.237462 0.33379 0.0527142 0.118383 0.146275 0.180111 0.0367271 0.0667621 0.0706294 
catch[FishingEest]: 111 336 1214 6 506 269 83 203 148 120 312 80 122 189 418 689 503 1087 1996 2912 2903 2483 1820 1124 3339 2130 1700 1058 718 1983 1434 255 683 901 832 159 118 150 
actual_catch[FishingEest]: 111 336 1214 6 506 269 83 203 148 120 312 80 122 189 418 689 503 1087 1996 2912 2903 2483 1820 1124 3339 2130 1700 1058 718 1983 1434 255 683 901 832 159 118 150 
exploitation_rate[FishingWest]: 0.00255179 0.00486965 0.00239264 0.000925899 0.00334088 0.0154061 0.0288153 0.0122357 0.00467951 0.00659541 0.00664102 0.00792282 0.0107221 0.0106869 0.0108968 0.00901512 0.0124396 0.0226124 0.0215899 0.0126316 0.0211075 0.0485543 0.0542365 0.0538527 0.0456733 0.0512786 0.060091 0.0255772 0.0299196 0.0430145 0.176767 0.0143675 0.0187471 0.0167608 0.0677264 0.0155718 0.0552429 0.056225 
fishing_pressure[FishingWest]: 0.00738827 0.019762 0.0582398 0.0011614 0.0273168 0.027485 0.0315108 0.021451 0.0115658 0.0118802 0.0205575 0.0110555 0.0154145 0.0181099 0.0277769 0.0373584 0.03315 0.0686412 0.112744 0.161285 0.189078 0.208876 0.18369 0.136483 0.295971 0.227548 0.208099 0.124947 0.0978178 0.237462 0.33379 0.0527142 0.118383 0.146275 0.180111 0.0367271 0.0667621 0.0706294 
catch[FishingWest]: 80 152 74 28 103 481 914 393 154 224 232 282 387 385 386 309 409 718 656 368 597 1353 1475 1424 1169 1155 1208 454 497 687 2585 184 270 259 1069 231 822 800 
actual_catch[FishingWest]: 80 152 74 28 103 481 914 393 154 224 232 282 387 385 386 309 409 718 656 368 597 1353 1475 1424 1169 1155 1208 454 497 687 2585 184 270 259 1069 231 822 800 
*end

*selectivity[MaturationSel]
h: 13 
intervals: 5 
l: 2 
label: MaturationSel 
length_based: 0 
type: all_values_bounded 
v: 0.02 0.05 0.13 0.29 0.5 0.7 0.84 0.93 0.97 0.99 0.99 1 
Values {vector}
1 0
2 0.02
3 0.05
4 0.13
5 0.29
6 0.5
7 0.7
8 0.84
9 0.93
10 0.97
11 0.99
12 0.99
13 1
14 1
15 1
16 1
17 1
18 1
19 1
20 1
21 1
22 1
23 1
24 1
25 1
26 1
27 1
28 1
29 1
30 1
*end

*selectivity[westFSel]
alpha: 1 
intervals: 5 
label: westFSel 
length_based: 0 
mu: 7.14014 
sigma_l: 3.39972 
sigma_r: 16.8322 
type: double_normal 
Values {vector}
1 0.104249
2 0.205053
3 0.357742
4 0.553585
5 0.759817
6 0.925004
7 0.998823
8 0.998193
9 0.991573
10 0.98019
11 0.964207
12 0.943856
13 0.919425
14 0.891254
15 0.85973
16 0.825273
17 0.78833
18 0.749365
19 0.708849
20 0.667251
21 0.625028
22 0.58262
23 0.540438
24 0.498863
25 0.458239
26 0.418868
27 0.381012
28 0.344885
29 0.310659
30 0.278465
*end

*selectivity[eastFSel]
alpha: 1 
intervals: 5 
label: eastFSel 
length_based: 0 
mu: 12.4029 
sigma_l: 4.04508 
sigma_r: 138.192 
type: double_normal 
Values {vector}
1 0.00405403
2 0.0102107
3 0.0236279
4 0.0502346
5 0.0981264
6 0.176106
7 0.29038
8 0.439912
9 0.612308
10 0.783032
11 0.920014
12 0.993149
13 0.999987
14 0.999907
15 0.999755
16 0.99953
17 0.999233
18 0.998864
19 0.998422
20 0.997907
21 0.997321
22 0.996663
23 0.995932
24 0.99513
25 0.994257
26 0.993312
27 0.992296
28 0.991209
29 0.990051
30 0.988823
*end

*selectivity[chatTANSel]
alpha: 1 
highedge: 18 
intervals: 5 
label: chatTANSel 
length_based: 0 
lowedge: 1 
type: hockeystick 
Values {vector}
1 0
2 0.0588235
3 0.117647
4 0.176471
5 0.235294
6 0.294118
7 0.352941
8 0.411765
9 0.470588
10 0.529412
11 0.588235
12 0.647059
13 0.705882
14 0.764706
15 0.823529
16 0.882353
17 0.941176
18 1
19 1
20 1
21 1
22 1
23 1
24 1
25 1
26 1
27 1
28 1
29 1
30 1
*end

*selectivity[One]
c: 1 
intervals: 5 
label: One 
length_based: 0 
type: constant 
Values {vector}
1 1
2 1
3 1
4 1
5 1
6 1
7 1
8 1
9 1
10 1
11 1
12 1
13 1
14 1
15 1
16 1
17 1
18 1
19 1
20 1
21 1
22 1
23 1
24 1
25 1
26 1
27 1
28 1
29 1
30 1
*end

*info[messages_encountered]
Values {string}
Setting the random number seed to 64348
Estimable parameters were set from the input configuration files
Creating default report for catchability chatTANq
Creating default report for derived quantity SSB
Creating default report for observation chatTANbiomass
Creating default report for observation chatTANage
Creating default report for observation chatOBSwst
Creating default report for observation chatOBSest
Creating default report for process Recruitment
Creating default report for process Ageing
Creating default report for process Instantaneous_Mortality
Creating default report for selectivity MaturationSel
Creating default report for selectivity westFSel
Creating default report for selectivity eastFSel
Creating default report for selectivity chatTANSel
Creating default report for selectivity One
Initiating point estimate run mode
Estimation_phase 1
Estimation with the betadiff minimiser
*end

*important[messages_encountered]
Values {string}
Setting 'estimate.log' as the output file for the free parameters
*end

*warnings[messages_encountered]
Values {string}
obs sum total (0.9999) for year (1990) doesn't sum to 1.0
obs sum total (1.0001) for year (1993) doesn't sum to 1.0
obs sum total (1.0002) for year (1994) doesn't sum to 1.0
obs sum total (1.0002) for year (1995) doesn't sum to 1.0
obs sum total (0.9999) for year (1997) doesn't sum to 1.0
obs sum total (1.0002) for year (1999) doesn't sum to 1.0
obs sum total (0.9999) for year (2000) doesn't sum to 1.0
obs sum total (1.0001) for year (2001) doesn't sum to 1.0
obs sum total (0.9998) for year (2002) doesn't sum to 1.0
obs sum total (1.0002) for year (2003) doesn't sum to 1.0
obs sum total (0.9999) for year (2005) doesn't sum to 1.0
obs sum total (1.0001) for year (2006) doesn't sum to 1.0
obs sum total (0.9999) for year (2007) doesn't sum to 1.0
obs sum total (0.9999) for year (2008) doesn't sum to 1.0
obs sum total (0.9999) for year (2009) doesn't sum to 1.0
obs sum total (1.0003) for year (2011) doesn't sum to 1.0
obs sum total (0.9998) for year (1992) doesn't sum to 1.0
obs sum total (0.9999) for year (1995) doesn't sum to 1.0
obs sum total (0.9998) for year (1996) doesn't sum to 1.0
obs sum total (0.9999) for year (1997) doesn't sum to 1.0
obs sum total (0.9999) for year (1998) doesn't sum to 1.0
obs sum total (1.0002) for year (1999) doesn't sum to 1.0
obs sum total (0.9999) for year (2000) doesn't sum to 1.0
obs sum total (1.0001) for year (2002) doesn't sum to 1.0
obs sum total (0.9999) for year (2003) doesn't sum to 1.0
obs sum total (1.0001) for year (2004) doesn't sum to 1.0
obs sum total (0.9999) for year (2005) doesn't sum to 1.0
obs sum total (1.0001) for year (2011) doesn't sum to 1.0
obs sum total (1.0001) for year (1992) doesn't sum to 1.0
obs sum total (1.0002) for year (1998) doesn't sum to 1.0
obs sum total (1.0001) for year (2004) doesn't sum to 1.0
obs sum total (0.9999) for year (2007) doesn't sum to 1.0
estimated parameter 'selectivity[chatTANSel].highedge' was within 0.001 of lower bound 18
estimated parameter 'selectivity[chatTANSel].lowedge' was within 0.001 of lower bound 1
estimated parameter 'selectivity[chatTANSel].highedge' was within 0.001 of lower bound 18
estimated parameter 'selectivity[chatTANSel].lowedge' was within 0.001 of lower bound 1
*end

